2026-05-11 13:27:06,819 DEBUG    root            Failed to read GCE cache file: [Errno 2] No such file or directory: '/content/.config/gce'
2026-05-11 13:27:18,843 DEBUG    root            Failed to check metadata server: <urlopen error timed out>
2026-05-11 13:27:18,843 DEBUG    root            On GCE from server: False
2026-05-11 13:27:18,846 DEBUG    root            Loaded Command Group: ['gcloud', 'components']
2026-05-11 13:27:18,849 DEBUG    root            Loaded Command Group: ['gcloud', 'components', 'update']
2026-05-11 13:27:18,851 DEBUG    root            Running [gcloud.components.update] with arguments: [--compile-python: "True", --quiet: "True", COMPONENT-IDS:6: "['core', 'gcloud-deps', 'bq', 'gcloud', 'gcloud-crc32c', 'gsutil']"]
2026-05-11 13:27:18,852 INFO     ___FILE_ONLY___ Beginning update. This process may take several minutes.

2026-05-11 13:27:18,865 DEBUG    root            On GCE from memory cache: False
2026-05-11 13:27:18,867 DEBUG    root            On GCE from memory cache: False
2026-05-11 13:27:18,869 DEBUG    urllib3.connectionpool Starting new HTTPS connection (1): dl.google.com:443
2026-05-11 13:27:18,996 DEBUG    urllib3.connectionpool https://dl.google.com:443 "GET /dl/cloudsdk/channels/rapid/components-2.json HTTP/1.1" 200 25042
2026-05-11 13:27:19,007 INFO     ___FILE_ONLY___ 

2026-05-11 13:27:19,008 INFO     ___FILE_ONLY___ 
Your current Google Cloud CLI version is: 567.0.0

2026-05-11 13:27:19,008 INFO     ___FILE_ONLY___ Installing components from version: 567.0.0

2026-05-11 13:27:19,008 INFO     ___FILE_ONLY___ 

2026-05-11 13:27:19,008 DEBUG    root            Chosen display Format:table[box,title="These components will be removed."](details.display_name:label=Name:align=left,version.version_string:label=Version:align=right,data.size.size(zero="",min=1048576):label=Size:align=right)
2026-05-11 13:27:19,009 DEBUG    root            Chosen display Format:table[box,title="These components will be updated."](details.display_name:label=Name:align=left,version.version_string:label=Version:align=right,data.size.size(zero="",min=1048576):label=Size:align=right)
2026-05-11 13:27:19,009 DEBUG    root            Chosen display Format:table[box,title="These components will be installed."](details.display_name:label=Name:align=left,version.version_string:label=Version:align=right,data.size.size(zero="",min=1048576):label=Size:align=right)
2026-05-11 13:27:19,049 INFO     ___FILE_ONLY___ ┌─────────────────────────────────────────────────────────────────────────────┐
2026-05-11 13:27:19,049 INFO     ___FILE_ONLY___ 

2026-05-11 13:27:19,050 INFO     ___FILE_ONLY___ │                     These components will be installed.                     │
2026-05-11 13:27:19,050 INFO     ___FILE_ONLY___ 

2026-05-11 13:27:19,050 INFO     ___FILE_ONLY___ ├─────────────────────────────────────────────────────┬────────────┬──────────┤
2026-05-11 13:27:19,050 INFO     ___FILE_ONLY___ 

2026-05-11 13:27:19,050 INFO     ___FILE_ONLY___ │                         Name                        │  Version   │   Size   │
2026-05-11 13:27:19,050 INFO     ___FILE_ONLY___ 

2026-05-11 13:27:19,050 INFO     ___FILE_ONLY___ ├─────────────────────────────────────────────────────┼────────────┼──────────┤
2026-05-11 13:27:19,050 INFO     ___FILE_ONLY___ 

2026-05-11 13:27:19,050 INFO     ___FILE_ONLY___ │ 
2026-05-11 13:27:19,050 INFO     ___FILE_ONLY___ BigQuery Command Line Tool                         
2026-05-11 13:27:19,050 INFO     ___FILE_ONLY___  
2026-05-11 13:27:19,050 INFO     ___FILE_ONLY___ │ 
2026-05-11 13:27:19,051 INFO     ___FILE_ONLY___     2.1.31
2026-05-11 13:27:19,051 INFO     ___FILE_ONLY___  
2026-05-11 13:27:19,051 INFO     ___FILE_ONLY___ │ 
2026-05-11 13:27:19,051 INFO     ___FILE_ONLY___  1.8 MiB
2026-05-11 13:27:19,051 INFO     ___FILE_ONLY___  
2026-05-11 13:27:19,051 INFO     ___FILE_ONLY___ │
2026-05-11 13:27:19,051 INFO     ___FILE_ONLY___ 

2026-05-11 13:27:19,051 INFO     ___FILE_ONLY___ │ 
2026-05-11 13:27:19,051 INFO     ___FILE_ONLY___ BigQuery Command Line Tool (Platform Specific)     
2026-05-11 13:27:19,051 INFO     ___FILE_ONLY___  
2026-05-11 13:27:19,052 INFO     ___FILE_ONLY___ │ 
2026-05-11 13:27:19,052 INFO     ___FILE_ONLY___     2.1.31
2026-05-11 13:27:19,052 INFO     ___FILE_ONLY___  
2026-05-11 13:27:19,052 INFO     ___FILE_ONLY___ │ 
2026-05-11 13:27:19,052 INFO     ___FILE_ONLY___  < 1 MiB
2026-05-11 13:27:19,052 INFO     ___FILE_ONLY___  
2026-05-11 13:27:19,052 INFO     ___FILE_ONLY___ │
2026-05-11 13:27:19,052 INFO     ___FILE_ONLY___ 

2026-05-11 13:27:19,052 INFO     ___FILE_ONLY___ │ 
2026-05-11 13:27:19,052 INFO     ___FILE_ONLY___ Bundled Python 3.13 (Platform Specific)            
2026-05-11 13:27:19,053 INFO     ___FILE_ONLY___  
2026-05-11 13:27:19,053 INFO     ___FILE_ONLY___ │ 
2026-05-11 13:27:19,053 INFO     ___FILE_ONLY___    3.13.11
2026-05-11 13:27:19,053 INFO     ___FILE_ONLY___  
2026-05-11 13:27:19,053 INFO     ___FILE_ONLY___ │ 
2026-05-11 13:27:19,053 INFO     ___FILE_ONLY___ 24.0 MiB
2026-05-11 13:27:19,053 INFO     ___FILE_ONLY___  
2026-05-11 13:27:19,053 INFO     ___FILE_ONLY___ │
2026-05-11 13:27:19,053 INFO     ___FILE_ONLY___ 

2026-05-11 13:27:19,053 INFO     ___FILE_ONLY___ │ 
2026-05-11 13:27:19,054 INFO     ___FILE_ONLY___ Cloud Storage Command Line Tool                    
2026-05-11 13:27:19,054 INFO     ___FILE_ONLY___  
2026-05-11 13:27:19,054 INFO     ___FILE_ONLY___ │ 
2026-05-11 13:27:19,054 INFO     ___FILE_ONLY___       5.37
2026-05-11 13:27:19,054 INFO     ___FILE_ONLY___  
2026-05-11 13:27:19,054 INFO     ___FILE_ONLY___ │ 
2026-05-11 13:27:19,054 INFO     ___FILE_ONLY___ 12.4 MiB
2026-05-11 13:27:19,054 INFO     ___FILE_ONLY___  
2026-05-11 13:27:19,054 INFO     ___FILE_ONLY___ │
2026-05-11 13:27:19,054 INFO     ___FILE_ONLY___ 

2026-05-11 13:27:19,054 INFO     ___FILE_ONLY___ │ 
2026-05-11 13:27:19,055 INFO     ___FILE_ONLY___ Cloud Storage Command Line Tool (Platform Specific)
2026-05-11 13:27:19,055 INFO     ___FILE_ONLY___  
2026-05-11 13:27:19,055 INFO     ___FILE_ONLY___ │ 
2026-05-11 13:27:19,055 INFO     ___FILE_ONLY___       5.36
2026-05-11 13:27:19,055 INFO     ___FILE_ONLY___  
2026-05-11 13:27:19,055 INFO     ___FILE_ONLY___ │ 
2026-05-11 13:27:19,055 INFO     ___FILE_ONLY___  < 1 MiB
2026-05-11 13:27:19,055 INFO     ___FILE_ONLY___  
2026-05-11 13:27:19,055 INFO     ___FILE_ONLY___ │
2026-05-11 13:27:19,055 INFO     ___FILE_ONLY___ 

2026-05-11 13:27:19,056 INFO     ___FILE_ONLY___ │ 
2026-05-11 13:27:19,056 INFO     ___FILE_ONLY___ Google Cloud CLI Core Libraries (Platform Specific)
2026-05-11 13:27:19,056 INFO     ___FILE_ONLY___  
2026-05-11 13:27:19,056 INFO     ___FILE_ONLY___ │ 
2026-05-11 13:27:19,056 INFO     ___FILE_ONLY___ 2026.04.24
2026-05-11 13:27:19,056 INFO     ___FILE_ONLY___  
2026-05-11 13:27:19,056 INFO     ___FILE_ONLY___ │ 
2026-05-11 13:27:19,056 INFO     ___FILE_ONLY___  < 1 MiB
2026-05-11 13:27:19,056 INFO     ___FILE_ONLY___  
2026-05-11 13:27:19,056 INFO     ___FILE_ONLY___ │
2026-05-11 13:27:19,056 INFO     ___FILE_ONLY___ 

2026-05-11 13:27:19,057 INFO     ___FILE_ONLY___ │ 
2026-05-11 13:27:19,057 INFO     ___FILE_ONLY___ Google Cloud CRC32C Hash Tool (Platform Specific)  
2026-05-11 13:27:19,057 INFO     ___FILE_ONLY___  
2026-05-11 13:27:19,057 INFO     ___FILE_ONLY___ │ 
2026-05-11 13:27:19,057 INFO     ___FILE_ONLY___      1.0.0
2026-05-11 13:27:19,057 INFO     ___FILE_ONLY___  
2026-05-11 13:27:19,057 INFO     ___FILE_ONLY___ │ 
2026-05-11 13:27:19,057 INFO     ___FILE_ONLY___  1.5 MiB
2026-05-11 13:27:19,057 INFO     ___FILE_ONLY___  
2026-05-11 13:27:19,057 INFO     ___FILE_ONLY___ │
2026-05-11 13:27:19,057 INFO     ___FILE_ONLY___ 

2026-05-11 13:27:19,058 INFO     ___FILE_ONLY___ │ 
2026-05-11 13:27:19,058 INFO     ___FILE_ONLY___ gcloud cli dependencies (Platform Specific)        
2026-05-11 13:27:19,058 INFO     ___FILE_ONLY___  
2026-05-11 13:27:19,058 INFO     ___FILE_ONLY___ │ 
2026-05-11 13:27:19,058 INFO     ___FILE_ONLY___ 2021.04.16
2026-05-11 13:27:19,058 INFO     ___FILE_ONLY___  
2026-05-11 13:27:19,058 INFO     ___FILE_ONLY___ │ 
2026-05-11 13:27:19,058 INFO     ___FILE_ONLY___  < 1 MiB
2026-05-11 13:27:19,058 INFO     ___FILE_ONLY___  
2026-05-11 13:27:19,058 INFO     ___FILE_ONLY___ │
2026-05-11 13:27:19,058 INFO     ___FILE_ONLY___ 

2026-05-11 13:27:19,058 INFO     ___FILE_ONLY___ └─────────────────────────────────────────────────────┴────────────┴──────────┘
2026-05-11 13:27:19,059 INFO     ___FILE_ONLY___ 

2026-05-11 13:27:19,059 INFO     ___FILE_ONLY___ 

2026-05-11 13:27:19,060 DEBUG    root            On GCE from memory cache: False
2026-05-11 13:27:19,061 DEBUG    root            On GCE from memory cache: False
2026-05-11 13:27:19,062 DEBUG    urllib3.connectionpool Starting new HTTPS connection (1): dl.google.com:443
2026-05-11 13:27:19,084 DEBUG    urllib3.connectionpool https://dl.google.com:443 "GET /dl/cloudsdk/channels/rapid/RELEASE_NOTES HTTP/1.1" 200 362633
2026-05-11 13:27:19,602 INFO     ___FILE_ONLY___ For the latest full release notes, please visit:
  https://cloud.google.com/sdk/release_notes


2026-05-11 13:27:19,603 INFO     ___FILE_ONLY___ Performing in place update...


2026-05-11 13:27:19,605 INFO     ___FILE_ONLY___ ╔════════════════════════════════════════════════════════════╗

2026-05-11 13:27:19,605 INFO     ___FILE_ONLY___ ╠═ Downloading: BigQuery Command Line Tool                  ═╣

2026-05-11 13:27:19,606 INFO     ___FILE_ONLY___ ╚
2026-05-11 13:27:19,607 DEBUG    root            On GCE from memory cache: False
2026-05-11 13:27:19,608 DEBUG    root            On GCE from memory cache: False
2026-05-11 13:27:19,608 DEBUG    urllib3.connectionpool Starting new HTTPS connection (1): dl.google.com:443
2026-05-11 13:27:19,643 DEBUG    urllib3.connectionpool https://dl.google.com:443 "GET /dl/cloudsdk/channels/rapid/components/google-cloud-sdk-bq-20260327141905.tar.gz HTTP/1.1" 200 1931708
2026-05-11 13:27:19,715 INFO     ___FILE_ONLY___ ═
2026-05-11 13:27:19,715 INFO     ___FILE_ONLY___ ═
2026-05-11 13:27:19,715 INFO     ___FILE_ONLY___ ═
2026-05-11 13:27:19,715 INFO     ___FILE_ONLY___ ═
2026-05-11 13:27:19,715 INFO     ___FILE_ONLY___ ═
2026-05-11 13:27:19,716 INFO     ___FILE_ONLY___ ═
2026-05-11 13:27:19,716 INFO     ___FILE_ONLY___ ═
2026-05-11 13:27:19,716 INFO     ___FILE_ONLY___ ═
2026-05-11 13:27:19,716 INFO     ___FILE_ONLY___ ═
2026-05-11 13:27:19,716 INFO     ___FILE_ONLY___ ═
2026-05-11 13:27:19,716 INFO     ___FILE_ONLY___ ═
2026-05-11 13:27:19,716 INFO     ___FILE_ONLY___ ═
2026-05-11 13:27:19,717 INFO     ___FILE_ONLY___ ═
2026-05-11 13:27:19,717 INFO     ___FILE_ONLY___ ═
2026-05-11 13:27:19,717 INFO     ___FILE_ONLY___ ═
2026-05-11 13:27:19,717 INFO     ___FILE_ONLY___ ═
2026-05-11 13:27:19,717 INFO     ___FILE_ONLY___ ═
2026-05-11 13:27:19,717 INFO     ___FILE_ONLY___ ═
2026-05-11 13:27:19,718 INFO     ___FILE_ONLY___ ═
2026-05-11 13:27:19,718 INFO     ___FILE_ONLY___ ═
2026-05-11 13:27:19,718 INFO     ___FILE_ONLY___ ═
2026-05-11 13:27:19,718 INFO     ___FILE_ONLY___ ═
2026-05-11 13:27:19,718 INFO     ___FILE_ONLY___ ═
2026-05-11 13:27:19,719 INFO     ___FILE_ONLY___ ═
2026-05-11 13:27:19,719 INFO     ___FILE_ONLY___ ═
2026-05-11 13:27:19,719 INFO     ___FILE_ONLY___ ═
2026-05-11 13:27:19,719 INFO     ___FILE_ONLY___ ═
2026-05-11 13:27:19,719 INFO     ___FILE_ONLY___ ═
2026-05-11 13:27:19,719 INFO     ___FILE_ONLY___ ═
2026-05-11 13:27:19,720 INFO     ___FILE_ONLY___ ═
2026-05-11 13:27:19,720 INFO     ___FILE_ONLY___ ═
2026-05-11 13:27:19,720 INFO     ___FILE_ONLY___ ═
2026-05-11 13:27:19,720 INFO     ___FILE_ONLY___ ═
2026-05-11 13:27:19,720 INFO     ___FILE_ONLY___ ═
2026-05-11 13:27:19,720 INFO     ___FILE_ONLY___ ═
2026-05-11 13:27:19,721 INFO     ___FILE_ONLY___ ═
2026-05-11 13:27:19,721 INFO     ___FILE_ONLY___ ═
2026-05-11 13:27:19,721 INFO     ___FILE_ONLY___ ═
2026-05-11 13:27:19,721 INFO     ___FILE_ONLY___ ═
2026-05-11 13:27:19,721 INFO     ___FILE_ONLY___ ═
2026-05-11 13:27:19,722 INFO     ___FILE_ONLY___ ═
2026-05-11 13:27:19,722 INFO     ___FILE_ONLY___ ═
2026-05-11 13:27:19,722 INFO     ___FILE_ONLY___ ═
2026-05-11 13:27:19,722 INFO     ___FILE_ONLY___ ═
2026-05-11 13:27:19,722 INFO     ___FILE_ONLY___ ═
2026-05-11 13:27:19,723 INFO     ___FILE_ONLY___ ═
2026-05-11 13:27:19,723 INFO     ___FILE_ONLY___ ═
2026-05-11 13:27:19,723 INFO     ___FILE_ONLY___ ═
2026-05-11 13:27:19,723 INFO     ___FILE_ONLY___ ═
2026-05-11 13:27:19,723 INFO     ___FILE_ONLY___ ═
2026-05-11 13:27:19,723 INFO     ___FILE_ONLY___ ═
2026-05-11 13:27:19,724 INFO     ___FILE_ONLY___ ═
2026-05-11 13:27:19,724 INFO     ___FILE_ONLY___ ═
2026-05-11 13:27:19,724 INFO     ___FILE_ONLY___ ═
2026-05-11 13:27:19,724 INFO     ___FILE_ONLY___ ═
2026-05-11 13:27:19,724 INFO     ___FILE_ONLY___ ═
2026-05-11 13:27:19,724 INFO     ___FILE_ONLY___ ═
2026-05-11 13:27:19,725 INFO     ___FILE_ONLY___ ═
2026-05-11 13:27:19,725 INFO     ___FILE_ONLY___ ═
2026-05-11 13:27:19,725 INFO     ___FILE_ONLY___ ═
2026-05-11 13:27:19,725 INFO     ___FILE_ONLY___ ╝

2026-05-11 13:27:19,727 INFO     ___FILE_ONLY___ ╔════════════════════════════════════════════════════════════╗

2026-05-11 13:27:19,727 INFO     ___FILE_ONLY___ ╠═ Downloading: BigQuery Command Line Tool (Platform Spe... ═╣

2026-05-11 13:27:19,727 INFO     ___FILE_ONLY___ ╚
2026-05-11 13:27:19,728 DEBUG    root            On GCE from memory cache: False
2026-05-11 13:27:19,729 DEBUG    root            On GCE from memory cache: False
2026-05-11 13:27:19,730 DEBUG    urllib3.connectionpool Starting new HTTPS connection (1): dl.google.com:443
2026-05-11 13:27:19,815 DEBUG    urllib3.connectionpool https://dl.google.com:443 "GET /dl/cloudsdk/channels/rapid/components/google-cloud-sdk-bq-nix-20260424041539.tar.gz HTTP/1.1" 200 1948
2026-05-11 13:27:19,815 INFO     ___FILE_ONLY___ ════════════════════════════════════════════════════════════
2026-05-11 13:27:19,815 INFO     ___FILE_ONLY___ ╝

2026-05-11 13:27:19,817 INFO     ___FILE_ONLY___ ╔════════════════════════════════════════════════════════════╗

2026-05-11 13:27:19,817 INFO     ___FILE_ONLY___ ╠═ Downloading: Bundled Python 3.13                         ═╣

2026-05-11 13:27:19,817 INFO     ___FILE_ONLY___ ╚
2026-05-11 13:27:19,818 INFO     ___FILE_ONLY___ ════════════════════════════════════════════════════════════
2026-05-11 13:27:19,818 INFO     ___FILE_ONLY___ ╝

2026-05-11 13:27:19,819 INFO     ___FILE_ONLY___ ╔════════════════════════════════════════════════════════════╗

2026-05-11 13:27:19,819 INFO     ___FILE_ONLY___ ╠═ Downloading: Bundled Python 3.13 (Platform Specific)     ═╣

2026-05-11 13:27:19,820 INFO     ___FILE_ONLY___ ╚
2026-05-11 13:27:19,821 DEBUG    root            On GCE from memory cache: False
2026-05-11 13:27:19,822 DEBUG    root            On GCE from memory cache: False
2026-05-11 13:27:19,823 DEBUG    urllib3.connectionpool Starting new HTTPS connection (1): dl.google.com:443
2026-05-11 13:27:19,850 DEBUG    urllib3.connectionpool https://dl.google.com:443 "GET /dl/cloudsdk/channels/rapid/components/google-cloud-sdk-bundled-python3-unix-linux-x86_64-20260501041631.tar.gz HTTP/1.1" 200 25212008
2026-05-11 13:27:20,060 INFO     ___FILE_ONLY___ ═
2026-05-11 13:27:20,060 INFO     ___FILE_ONLY___ ═
2026-05-11 13:27:20,061 INFO     ___FILE_ONLY___ ═
2026-05-11 13:27:20,062 INFO     ___FILE_ONLY___ ═
2026-05-11 13:27:20,063 INFO     ___FILE_ONLY___ ═
2026-05-11 13:27:20,064 INFO     ___FILE_ONLY___ ═
2026-05-11 13:27:20,065 INFO     ___FILE_ONLY___ ═
2026-05-11 13:27:20,065 INFO     ___FILE_ONLY___ ═
2026-05-11 13:27:20,066 INFO     ___FILE_ONLY___ ═
2026-05-11 13:27:20,067 INFO     ___FILE_ONLY___ ═
2026-05-11 13:27:20,068 INFO     ___FILE_ONLY___ ═
2026-05-11 13:27:20,068 INFO     ___FILE_ONLY___ ═
2026-05-11 13:27:20,069 INFO     ___FILE_ONLY___ ═
2026-05-11 13:27:20,070 INFO     ___FILE_ONLY___ ═
2026-05-11 13:27:20,071 INFO     ___FILE_ONLY___ ═
2026-05-11 13:27:20,072 INFO     ___FILE_ONLY___ ═
2026-05-11 13:27:20,073 INFO     ___FILE_ONLY___ ═
2026-05-11 13:27:20,073 INFO     ___FILE_ONLY___ ═
2026-05-11 13:27:20,074 INFO     ___FILE_ONLY___ ═
2026-05-11 13:27:20,075 INFO     ___FILE_ONLY___ ═
2026-05-11 13:27:20,076 INFO     ___FILE_ONLY___ ═
2026-05-11 13:27:20,077 INFO     ___FILE_ONLY___ ═
2026-05-11 13:27:20,077 INFO     ___FILE_ONLY___ ═
2026-05-11 13:27:20,078 INFO     ___FILE_ONLY___ ═
2026-05-11 13:27:20,079 INFO     ___FILE_ONLY___ ═
2026-05-11 13:27:20,080 INFO     ___FILE_ONLY___ ═
2026-05-11 13:27:20,081 INFO     ___FILE_ONLY___ ═
2026-05-11 13:27:20,082 INFO     ___FILE_ONLY___ ═
2026-05-11 13:27:20,082 INFO     ___FILE_ONLY___ ═
2026-05-11 13:27:20,083 INFO     ___FILE_ONLY___ ═
2026-05-11 13:27:20,084 INFO     ___FILE_ONLY___ ═
2026-05-11 13:27:20,085 INFO     ___FILE_ONLY___ ═
2026-05-11 13:27:20,086 INFO     ___FILE_ONLY___ ═
2026-05-11 13:27:20,086 INFO     ___FILE_ONLY___ ═
2026-05-11 13:27:20,087 INFO     ___FILE_ONLY___ ═
2026-05-11 13:27:20,088 INFO     ___FILE_ONLY___ ═
2026-05-11 13:27:20,089 INFO     ___FILE_ONLY___ ═
2026-05-11 13:27:20,090 INFO     ___FILE_ONLY___ ═
2026-05-11 13:27:20,090 INFO     ___FILE_ONLY___ ═
2026-05-11 13:27:20,091 INFO     ___FILE_ONLY___ ═
2026-05-11 13:27:20,092 INFO     ___FILE_ONLY___ ═
2026-05-11 13:27:20,093 INFO     ___FILE_ONLY___ ═
2026-05-11 13:27:20,094 INFO     ___FILE_ONLY___ ═
2026-05-11 13:27:20,095 INFO     ___FILE_ONLY___ ═
2026-05-11 13:27:20,096 INFO     ___FILE_ONLY___ ═
2026-05-11 13:27:20,096 INFO     ___FILE_ONLY___ ═
2026-05-11 13:27:20,097 INFO     ___FILE_ONLY___ ═
2026-05-11 13:27:20,098 INFO     ___FILE_ONLY___ ═
2026-05-11 13:27:20,099 INFO     ___FILE_ONLY___ ═
2026-05-11 13:27:20,100 INFO     ___FILE_ONLY___ ═
2026-05-11 13:27:20,101 INFO     ___FILE_ONLY___ ═
2026-05-11 13:27:20,101 INFO     ___FILE_ONLY___ ═
2026-05-11 13:27:20,102 INFO     ___FILE_ONLY___ ═
2026-05-11 13:27:20,103 INFO     ___FILE_ONLY___ ═
2026-05-11 13:27:20,104 INFO     ___FILE_ONLY___ ═
2026-05-11 13:27:20,105 INFO     ___FILE_ONLY___ ═
2026-05-11 13:27:20,106 INFO     ___FILE_ONLY___ ═
2026-05-11 13:27:20,107 INFO     ___FILE_ONLY___ ═
2026-05-11 13:27:20,107 INFO     ___FILE_ONLY___ ═
2026-05-11 13:27:20,108 INFO     ___FILE_ONLY___ ═
2026-05-11 13:27:20,108 INFO     ___FILE_ONLY___ ╝

2026-05-11 13:27:20,111 INFO     ___FILE_ONLY___ ╔════════════════════════════════════════════════════════════╗

2026-05-11 13:27:20,111 INFO     ___FILE_ONLY___ ╠═ Downloading: Cloud Storage Command Line Tool             ═╣

2026-05-11 13:27:20,111 INFO     ___FILE_ONLY___ ╚
2026-05-11 13:27:20,112 DEBUG    root            On GCE from memory cache: False
2026-05-11 13:27:20,113 DEBUG    root            On GCE from memory cache: False
2026-05-11 13:27:20,114 DEBUG    urllib3.connectionpool Starting new HTTPS connection (1): dl.google.com:443
2026-05-11 13:27:20,193 DEBUG    urllib3.connectionpool https://dl.google.com:443 "GET /dl/cloudsdk/channels/rapid/components/google-cloud-sdk-gsutil-20260501041631.tar.gz HTTP/1.1" 200 12967034
2026-05-11 13:27:20,316 INFO     ___FILE_ONLY___ ═
2026-05-11 13:27:20,317 INFO     ___FILE_ONLY___ ═
2026-05-11 13:27:20,317 INFO     ___FILE_ONLY___ ═
2026-05-11 13:27:20,318 INFO     ___FILE_ONLY___ ═
2026-05-11 13:27:20,318 INFO     ___FILE_ONLY___ ═
2026-05-11 13:27:20,319 INFO     ___FILE_ONLY___ ═
2026-05-11 13:27:20,319 INFO     ___FILE_ONLY___ ═
2026-05-11 13:27:20,320 INFO     ___FILE_ONLY___ ═
2026-05-11 13:27:20,320 INFO     ___FILE_ONLY___ ═
2026-05-11 13:27:20,321 INFO     ___FILE_ONLY___ ═
2026-05-11 13:27:20,321 INFO     ___FILE_ONLY___ ═
2026-05-11 13:27:20,322 INFO     ___FILE_ONLY___ ═
2026-05-11 13:27:20,322 INFO     ___FILE_ONLY___ ═
2026-05-11 13:27:20,323 INFO     ___FILE_ONLY___ ═
2026-05-11 13:27:20,323 INFO     ___FILE_ONLY___ ═
2026-05-11 13:27:20,324 INFO     ___FILE_ONLY___ ═
2026-05-11 13:27:20,324 INFO     ___FILE_ONLY___ ═
2026-05-11 13:27:20,325 INFO     ___FILE_ONLY___ ═
2026-05-11 13:27:20,325 INFO     ___FILE_ONLY___ ═
2026-05-11 13:27:20,326 INFO     ___FILE_ONLY___ ═
2026-05-11 13:27:20,326 INFO     ___FILE_ONLY___ ═
2026-05-11 13:27:20,327 INFO     ___FILE_ONLY___ ═
2026-05-11 13:27:20,327 INFO     ___FILE_ONLY___ ═
2026-05-11 13:27:20,328 INFO     ___FILE_ONLY___ ═
2026-05-11 13:27:20,328 INFO     ___FILE_ONLY___ ═
2026-05-11 13:27:20,329 INFO     ___FILE_ONLY___ ═
2026-05-11 13:27:20,329 INFO     ___FILE_ONLY___ ═
2026-05-11 13:27:20,330 INFO     ___FILE_ONLY___ ═
2026-05-11 13:27:20,330 INFO     ___FILE_ONLY___ ═
2026-05-11 13:27:20,331 INFO     ___FILE_ONLY___ ═
2026-05-11 13:27:20,331 INFO     ___FILE_ONLY___ ═
2026-05-11 13:27:20,332 INFO     ___FILE_ONLY___ ═
2026-05-11 13:27:20,332 INFO     ___FILE_ONLY___ ═
2026-05-11 13:27:20,333 INFO     ___FILE_ONLY___ ═
2026-05-11 13:27:20,333 INFO     ___FILE_ONLY___ ═
2026-05-11 13:27:20,334 INFO     ___FILE_ONLY___ ═
2026-05-11 13:27:20,334 INFO     ___FILE_ONLY___ ═
2026-05-11 13:27:20,335 INFO     ___FILE_ONLY___ ═
2026-05-11 13:27:20,335 INFO     ___FILE_ONLY___ ═
2026-05-11 13:27:20,336 INFO     ___FILE_ONLY___ ═
2026-05-11 13:27:20,336 INFO     ___FILE_ONLY___ ═
2026-05-11 13:27:20,337 INFO     ___FILE_ONLY___ ═
2026-05-11 13:27:20,338 INFO     ___FILE_ONLY___ ═
2026-05-11 13:27:20,338 INFO     ___FILE_ONLY___ ═
2026-05-11 13:27:20,339 INFO     ___FILE_ONLY___ ═
2026-05-11 13:27:20,339 INFO     ___FILE_ONLY___ ═
2026-05-11 13:27:20,339 INFO     ___FILE_ONLY___ ═
2026-05-11 13:27:20,340 INFO     ___FILE_ONLY___ ═
2026-05-11 13:27:20,340 INFO     ___FILE_ONLY___ ═
2026-05-11 13:27:20,341 INFO     ___FILE_ONLY___ ═
2026-05-11 13:27:20,341 INFO     ___FILE_ONLY___ ═
2026-05-11 13:27:20,342 INFO     ___FILE_ONLY___ ═
2026-05-11 13:27:20,343 INFO     ___FILE_ONLY___ ═
2026-05-11 13:27:20,343 INFO     ___FILE_ONLY___ ═
2026-05-11 13:27:20,344 INFO     ___FILE_ONLY___ ═
2026-05-11 13:27:20,344 INFO     ___FILE_ONLY___ ═
2026-05-11 13:27:20,345 INFO     ___FILE_ONLY___ ═
2026-05-11 13:27:20,346 INFO     ___FILE_ONLY___ ═
2026-05-11 13:27:20,346 INFO     ___FILE_ONLY___ ═
2026-05-11 13:27:20,347 INFO     ___FILE_ONLY___ ═
2026-05-11 13:27:20,347 INFO     ___FILE_ONLY___ ╝

2026-05-11 13:27:20,349 INFO     ___FILE_ONLY___ ╔════════════════════════════════════════════════════════════╗

2026-05-11 13:27:20,349 INFO     ___FILE_ONLY___ ╠═ Downloading: Cloud Storage Command Line Tool (Platfor... ═╣

2026-05-11 13:27:20,349 INFO     ___FILE_ONLY___ ╚
2026-05-11 13:27:20,350 DEBUG    root            On GCE from memory cache: False
2026-05-11 13:27:20,351 DEBUG    root            On GCE from memory cache: False
2026-05-11 13:27:20,352 DEBUG    urllib3.connectionpool Starting new HTTPS connection (1): dl.google.com:443
2026-05-11 13:27:20,431 DEBUG    urllib3.connectionpool https://dl.google.com:443 "GET /dl/cloudsdk/channels/rapid/components/google-cloud-sdk-gsutil-nix-20260424041539.tar.gz HTTP/1.1" 200 1963
2026-05-11 13:27:20,431 INFO     ___FILE_ONLY___ ════════════════════════════════════════════════════════════
2026-05-11 13:27:20,431 INFO     ___FILE_ONLY___ ╝

2026-05-11 13:27:20,433 INFO     ___FILE_ONLY___ ╔════════════════════════════════════════════════════════════╗

2026-05-11 13:27:20,433 INFO     ___FILE_ONLY___ ╠═ Downloading: Default set of gcloud commands              ═╣

2026-05-11 13:27:20,433 INFO     ___FILE_ONLY___ ╚
2026-05-11 13:27:20,434 INFO     ___FILE_ONLY___ ════════════════════════════════════════════════════════════
2026-05-11 13:27:20,434 INFO     ___FILE_ONLY___ ╝

2026-05-11 13:27:20,435 INFO     ___FILE_ONLY___ ╔════════════════════════════════════════════════════════════╗

2026-05-11 13:27:20,435 INFO     ___FILE_ONLY___ ╠═ Downloading: Google Cloud CLI Core Libraries (Platfor... ═╣

2026-05-11 13:27:20,436 INFO     ___FILE_ONLY___ ╚
2026-05-11 13:27:20,437 DEBUG    root            On GCE from memory cache: False
2026-05-11 13:27:20,438 DEBUG    root            On GCE from memory cache: False
2026-05-11 13:27:20,439 DEBUG    urllib3.connectionpool Starting new HTTPS connection (1): dl.google.com:443
2026-05-11 13:27:20,459 DEBUG    urllib3.connectionpool https://dl.google.com:443 "GET /dl/cloudsdk/channels/rapid/components/google-cloud-sdk-core-nix-20260424041539.tar.gz HTTP/1.1" 200 2342
2026-05-11 13:27:20,459 INFO     ___FILE_ONLY___ ════════════════════════════════════════════════════════════
2026-05-11 13:27:20,459 INFO     ___FILE_ONLY___ ╝

2026-05-11 13:27:20,461 INFO     ___FILE_ONLY___ ╔════════════════════════════════════════════════════════════╗

2026-05-11 13:27:20,461 INFO     ___FILE_ONLY___ ╠═ Downloading: Google Cloud CRC32C Hash Tool               ═╣

2026-05-11 13:27:20,461 INFO     ___FILE_ONLY___ ╚
2026-05-11 13:27:20,461 INFO     ___FILE_ONLY___ ════════════════════════════════════════════════════════════
2026-05-11 13:27:20,461 INFO     ___FILE_ONLY___ ╝

2026-05-11 13:27:20,463 INFO     ___FILE_ONLY___ ╔════════════════════════════════════════════════════════════╗

2026-05-11 13:27:20,463 INFO     ___FILE_ONLY___ ╠═ Downloading: Google Cloud CRC32C Hash Tool (Platform ... ═╣

2026-05-11 13:27:20,463 INFO     ___FILE_ONLY___ ╚
2026-05-11 13:27:20,464 DEBUG    root            On GCE from memory cache: False
2026-05-11 13:27:20,465 DEBUG    root            On GCE from memory cache: False
2026-05-11 13:27:20,466 DEBUG    urllib3.connectionpool Starting new HTTPS connection (1): dl.google.com:443
2026-05-11 13:27:20,602 DEBUG    urllib3.connectionpool https://dl.google.com:443 "GET /dl/cloudsdk/channels/rapid/components/google-cloud-sdk-gcloud-crc32c-linux-x86_64-20260424041539.tar.gz HTTP/1.1" 200 1609375
2026-05-11 13:27:20,667 INFO     ___FILE_ONLY___ ═
2026-05-11 13:27:20,667 INFO     ___FILE_ONLY___ ═
2026-05-11 13:27:20,667 INFO     ___FILE_ONLY___ ═
2026-05-11 13:27:20,667 INFO     ___FILE_ONLY___ ═
2026-05-11 13:27:20,667 INFO     ___FILE_ONLY___ ═
2026-05-11 13:27:20,667 INFO     ___FILE_ONLY___ ═
2026-05-11 13:27:20,667 INFO     ___FILE_ONLY___ ═
2026-05-11 13:27:20,668 INFO     ___FILE_ONLY___ ═
2026-05-11 13:27:20,668 INFO     ___FILE_ONLY___ ═
2026-05-11 13:27:20,668 INFO     ___FILE_ONLY___ ═
2026-05-11 13:27:20,668 INFO     ___FILE_ONLY___ ═
2026-05-11 13:27:20,668 INFO     ___FILE_ONLY___ ═
2026-05-11 13:27:20,668 INFO     ___FILE_ONLY___ ═
2026-05-11 13:27:20,669 INFO     ___FILE_ONLY___ ═
2026-05-11 13:27:20,669 INFO     ___FILE_ONLY___ ═
2026-05-11 13:27:20,669 INFO     ___FILE_ONLY___ ═
2026-05-11 13:27:20,669 INFO     ___FILE_ONLY___ ═
2026-05-11 13:27:20,669 INFO     ___FILE_ONLY___ ═
2026-05-11 13:27:20,670 INFO     ___FILE_ONLY___ ═
2026-05-11 13:27:20,670 INFO     ___FILE_ONLY___ ═
2026-05-11 13:27:20,670 INFO     ___FILE_ONLY___ ═
2026-05-11 13:27:20,670 INFO     ___FILE_ONLY___ ═
2026-05-11 13:27:20,670 INFO     ___FILE_ONLY___ ═
2026-05-11 13:27:20,670 INFO     ___FILE_ONLY___ ═
2026-05-11 13:27:20,670 INFO     ___FILE_ONLY___ ═
2026-05-11 13:27:20,671 INFO     ___FILE_ONLY___ ═
2026-05-11 13:27:20,671 INFO     ___FILE_ONLY___ ═
2026-05-11 13:27:20,671 INFO     ___FILE_ONLY___ ═
2026-05-11 13:27:20,671 INFO     ___FILE_ONLY___ ═
2026-05-11 13:27:20,671 INFO     ___FILE_ONLY___ ═
2026-05-11 13:27:20,672 INFO     ___FILE_ONLY___ ═
2026-05-11 13:27:20,672 INFO     ___FILE_ONLY___ ═
2026-05-11 13:27:20,672 INFO     ___FILE_ONLY___ ═
2026-05-11 13:27:20,672 INFO     ___FILE_ONLY___ ═
2026-05-11 13:27:20,672 INFO     ___FILE_ONLY___ ═
2026-05-11 13:27:20,672 INFO     ___FILE_ONLY___ ═
2026-05-11 13:27:20,673 INFO     ___FILE_ONLY___ ═
2026-05-11 13:27:20,673 INFO     ___FILE_ONLY___ ═
2026-05-11 13:27:20,673 INFO     ___FILE_ONLY___ ═
2026-05-11 13:27:20,673 INFO     ___FILE_ONLY___ ═
2026-05-11 13:27:20,673 INFO     ___FILE_ONLY___ ═
2026-05-11 13:27:20,673 INFO     ___FILE_ONLY___ ═
2026-05-11 13:27:20,674 INFO     ___FILE_ONLY___ ═
2026-05-11 13:27:20,674 INFO     ___FILE_ONLY___ ═
2026-05-11 13:27:20,674 INFO     ___FILE_ONLY___ ═
2026-05-11 13:27:20,674 INFO     ___FILE_ONLY___ ═
2026-05-11 13:27:20,674 INFO     ___FILE_ONLY___ ═
2026-05-11 13:27:20,674 INFO     ___FILE_ONLY___ ═
2026-05-11 13:27:20,675 INFO     ___FILE_ONLY___ ═
2026-05-11 13:27:20,675 INFO     ___FILE_ONLY___ ═
2026-05-11 13:27:20,675 INFO     ___FILE_ONLY___ ═
2026-05-11 13:27:20,675 INFO     ___FILE_ONLY___ ═
2026-05-11 13:27:20,675 INFO     ___FILE_ONLY___ ═
2026-05-11 13:27:20,675 INFO     ___FILE_ONLY___ ═
2026-05-11 13:27:20,676 INFO     ___FILE_ONLY___ ═
2026-05-11 13:27:20,676 INFO     ___FILE_ONLY___ ═
2026-05-11 13:27:20,676 INFO     ___FILE_ONLY___ ═
2026-05-11 13:27:20,676 INFO     ___FILE_ONLY___ ═
2026-05-11 13:27:20,676 INFO     ___FILE_ONLY___ ═
2026-05-11 13:27:20,676 INFO     ___FILE_ONLY___ ═
2026-05-11 13:27:20,677 INFO     ___FILE_ONLY___ ╝

2026-05-11 13:27:20,679 INFO     ___FILE_ONLY___ ╔════════════════════════════════════════════════════════════╗

2026-05-11 13:27:20,679 INFO     ___FILE_ONLY___ ╠═ Downloading: gcloud cli dependencies (Platform Specific) ═╣

2026-05-11 13:27:20,679 INFO     ___FILE_ONLY___ ╚
2026-05-11 13:27:20,680 DEBUG    root            On GCE from memory cache: False
2026-05-11 13:27:20,681 DEBUG    root            On GCE from memory cache: False
2026-05-11 13:27:20,682 DEBUG    urllib3.connectionpool Starting new HTTPS connection (1): dl.google.com:443
2026-05-11 13:27:20,857 DEBUG    urllib3.connectionpool https://dl.google.com:443 "GET /dl/cloudsdk/channels/rapid/components/google-cloud-sdk-gcloud-deps-linux-x86_64-20210416153011.tar.gz HTTP/1.1" 200 104
2026-05-11 13:27:20,857 INFO     ___FILE_ONLY___ ════════════════════════════════════════════════════════════
2026-05-11 13:27:20,857 INFO     ___FILE_ONLY___ ╝

2026-05-11 13:27:20,859 INFO     ___FILE_ONLY___ ╔════════════════════════════════════════════════════════════╗

2026-05-11 13:27:20,859 INFO     ___FILE_ONLY___ ╠═ Installing: BigQuery Command Line Tool                   ═╣

2026-05-11 13:27:20,859 INFO     ___FILE_ONLY___ ╚
2026-05-11 13:27:20,952 INFO     ___FILE_ONLY___ ═
2026-05-11 13:27:20,955 INFO     ___FILE_ONLY___ ═
2026-05-11 13:27:20,958 INFO     ___FILE_ONLY___ ═
2026-05-11 13:27:20,961 INFO     ___FILE_ONLY___ ═
2026-05-11 13:27:20,964 INFO     ___FILE_ONLY___ ═
2026-05-11 13:27:20,967 INFO     ___FILE_ONLY___ ═
2026-05-11 13:27:20,970 INFO     ___FILE_ONLY___ ═
2026-05-11 13:27:20,973 INFO     ___FILE_ONLY___ ═
2026-05-11 13:27:20,975 INFO     ___FILE_ONLY___ ═
2026-05-11 13:27:20,979 INFO     ___FILE_ONLY___ ═
2026-05-11 13:27:20,981 INFO     ___FILE_ONLY___ ═
2026-05-11 13:27:20,984 INFO     ___FILE_ONLY___ ═
2026-05-11 13:27:20,986 INFO     ___FILE_ONLY___ ═
2026-05-11 13:27:20,989 INFO     ___FILE_ONLY___ ═
2026-05-11 13:27:20,992 INFO     ___FILE_ONLY___ ═
2026-05-11 13:27:20,995 INFO     ___FILE_ONLY___ ═
2026-05-11 13:27:20,998 INFO     ___FILE_ONLY___ ═
2026-05-11 13:27:21,001 INFO     ___FILE_ONLY___ ═
2026-05-11 13:27:21,004 INFO     ___FILE_ONLY___ ═
2026-05-11 13:27:21,006 INFO     ___FILE_ONLY___ ═
2026-05-11 13:27:21,008 INFO     ___FILE_ONLY___ ═
2026-05-11 13:27:21,010 INFO     ___FILE_ONLY___ ═
2026-05-11 13:27:21,012 INFO     ___FILE_ONLY___ ═
2026-05-11 13:27:21,015 INFO     ___FILE_ONLY___ ═
2026-05-11 13:27:21,017 INFO     ___FILE_ONLY___ ═
2026-05-11 13:27:21,019 INFO     ___FILE_ONLY___ ═
2026-05-11 13:27:21,021 INFO     ___FILE_ONLY___ ═
2026-05-11 13:27:21,023 INFO     ___FILE_ONLY___ ═
2026-05-11 13:27:21,025 INFO     ___FILE_ONLY___ ═
2026-05-11 13:27:21,027 INFO     ___FILE_ONLY___ ═
2026-05-11 13:27:21,029 INFO     ___FILE_ONLY___ ═
2026-05-11 13:27:21,031 INFO     ___FILE_ONLY___ ═
2026-05-11 13:27:21,033 INFO     ___FILE_ONLY___ ═
2026-05-11 13:27:21,036 INFO     ___FILE_ONLY___ ═
2026-05-11 13:27:21,039 INFO     ___FILE_ONLY___ ═
2026-05-11 13:27:21,041 INFO     ___FILE_ONLY___ ═
2026-05-11 13:27:21,043 INFO     ___FILE_ONLY___ ═
2026-05-11 13:27:21,047 INFO     ___FILE_ONLY___ ═
2026-05-11 13:27:21,054 INFO     ___FILE_ONLY___ ═
2026-05-11 13:27:21,062 INFO     ___FILE_ONLY___ ═
2026-05-11 13:27:21,064 INFO     ___FILE_ONLY___ ═
2026-05-11 13:27:21,066 INFO     ___FILE_ONLY___ ═
2026-05-11 13:27:21,069 INFO     ___FILE_ONLY___ ═
2026-05-11 13:27:21,071 INFO     ___FILE_ONLY___ ═
2026-05-11 13:27:21,074 INFO     ___FILE_ONLY___ ═
2026-05-11 13:27:21,079 INFO     ___FILE_ONLY___ ═
2026-05-11 13:27:21,081 INFO     ___FILE_ONLY___ ═
2026-05-11 13:27:21,083 INFO     ___FILE_ONLY___ ═
2026-05-11 13:27:21,086 INFO     ___FILE_ONLY___ ═
2026-05-11 13:27:21,088 INFO     ___FILE_ONLY___ ═
2026-05-11 13:27:21,090 INFO     ___FILE_ONLY___ ═
2026-05-11 13:27:21,093 INFO     ___FILE_ONLY___ ═
2026-05-11 13:27:21,095 INFO     ___FILE_ONLY___ ═
2026-05-11 13:27:21,098 INFO     ___FILE_ONLY___ ═
2026-05-11 13:27:21,100 INFO     ___FILE_ONLY___ ═
2026-05-11 13:27:21,102 INFO     ___FILE_ONLY___ ═
2026-05-11 13:27:21,105 INFO     ___FILE_ONLY___ ═
2026-05-11 13:27:21,107 INFO     ___FILE_ONLY___ ═
2026-05-11 13:27:21,109 INFO     ___FILE_ONLY___ ═
2026-05-11 13:27:21,112 INFO     ___FILE_ONLY___ ═
2026-05-11 13:27:21,112 INFO     ___FILE_ONLY___ ╝

2026-05-11 13:27:21,119 INFO     ___FILE_ONLY___ ╔════════════════════════════════════════════════════════════╗

2026-05-11 13:27:21,120 INFO     ___FILE_ONLY___ ╠═ Installing: BigQuery Command Line Tool (Platform Spec... ═╣

2026-05-11 13:27:21,120 INFO     ___FILE_ONLY___ ╚
2026-05-11 13:27:21,120 INFO     ___FILE_ONLY___ ════════════════════════════════════════════════════════════
2026-05-11 13:27:21,121 INFO     ___FILE_ONLY___ ╝

2026-05-11 13:27:21,126 INFO     ___FILE_ONLY___ ╔════════════════════════════════════════════════════════════╗

2026-05-11 13:27:21,126 INFO     ___FILE_ONLY___ ╠═ Installing: Bundled Python 3.13                          ═╣

2026-05-11 13:27:21,126 INFO     ___FILE_ONLY___ ╚
2026-05-11 13:27:21,128 INFO     ___FILE_ONLY___ ════════════════════════════════════════════════════════════
2026-05-11 13:27:21,129 INFO     ___FILE_ONLY___ ╝

2026-05-11 13:27:21,130 INFO     ___FILE_ONLY___ ╔════════════════════════════════════════════════════════════╗

2026-05-11 13:27:21,130 INFO     ___FILE_ONLY___ ╠═ Installing: Bundled Python 3.13 (Platform Specific)      ═╣

2026-05-11 13:27:21,130 INFO     ___FILE_ONLY___ ╚
2026-05-11 13:27:21,967 INFO     ___FILE_ONLY___ ═
2026-05-11 13:27:21,983 INFO     ___FILE_ONLY___ ═
2026-05-11 13:27:21,998 INFO     ___FILE_ONLY___ ═
2026-05-11 13:27:22,156 INFO     ___FILE_ONLY___ ═
2026-05-11 13:27:22,182 INFO     ___FILE_ONLY___ ═
2026-05-11 13:27:22,207 INFO     ___FILE_ONLY___ ═
2026-05-11 13:27:22,225 INFO     ___FILE_ONLY___ ═
2026-05-11 13:27:22,255 INFO     ___FILE_ONLY___ ═
2026-05-11 13:27:22,329 INFO     ___FILE_ONLY___ ═
2026-05-11 13:27:22,347 INFO     ___FILE_ONLY___ ═
2026-05-11 13:27:22,364 INFO     ___FILE_ONLY___ ═
2026-05-11 13:27:22,390 INFO     ___FILE_ONLY___ ═
2026-05-11 13:27:22,411 INFO     ___FILE_ONLY___ ═
2026-05-11 13:27:22,429 INFO     ___FILE_ONLY___ ═
2026-05-11 13:27:22,443 INFO     ___FILE_ONLY___ ═
2026-05-11 13:27:22,460 INFO     ___FILE_ONLY___ ═
2026-05-11 13:27:22,475 INFO     ___FILE_ONLY___ ═
2026-05-11 13:27:22,492 INFO     ___FILE_ONLY___ ═
2026-05-11 13:27:22,510 INFO     ___FILE_ONLY___ ═
2026-05-11 13:27:22,528 INFO     ___FILE_ONLY___ ═
2026-05-11 13:27:22,544 INFO     ___FILE_ONLY___ ═
2026-05-11 13:27:22,564 INFO     ___FILE_ONLY___ ═
2026-05-11 13:27:22,582 INFO     ___FILE_ONLY___ ═
2026-05-11 13:27:22,596 INFO     ___FILE_ONLY___ ═
2026-05-11 13:27:22,616 INFO     ___FILE_ONLY___ ═
2026-05-11 13:27:22,765 INFO     ___FILE_ONLY___ ═
2026-05-11 13:27:22,790 INFO     ___FILE_ONLY___ ═
2026-05-11 13:27:22,814 INFO     ___FILE_ONLY___ ═
2026-05-11 13:27:22,830 INFO     ___FILE_ONLY___ ═
2026-05-11 13:27:22,842 INFO     ___FILE_ONLY___ ═
2026-05-11 13:27:22,854 INFO     ___FILE_ONLY___ ═
2026-05-11 13:27:22,866 INFO     ___FILE_ONLY___ ═
2026-05-11 13:27:22,877 INFO     ___FILE_ONLY___ ═
2026-05-11 13:27:22,888 INFO     ___FILE_ONLY___ ═
2026-05-11 13:27:22,900 INFO     ___FILE_ONLY___ ═
2026-05-11 13:27:22,911 INFO     ___FILE_ONLY___ ═
2026-05-11 13:27:22,922 INFO     ___FILE_ONLY___ ═
2026-05-11 13:27:22,934 INFO     ___FILE_ONLY___ ═
2026-05-11 13:27:22,945 INFO     ___FILE_ONLY___ ═
2026-05-11 13:27:22,957 INFO     ___FILE_ONLY___ ═
2026-05-11 13:27:22,970 INFO     ___FILE_ONLY___ ═
2026-05-11 13:27:22,981 INFO     ___FILE_ONLY___ ═
2026-05-11 13:27:22,992 INFO     ___FILE_ONLY___ ═
2026-05-11 13:27:23,003 INFO     ___FILE_ONLY___ ═
2026-05-11 13:27:23,014 INFO     ___FILE_ONLY___ ═
2026-05-11 13:27:23,025 INFO     ___FILE_ONLY___ ═
2026-05-11 13:27:23,036 INFO     ___FILE_ONLY___ ═
2026-05-11 13:27:23,048 INFO     ___FILE_ONLY___ ═
2026-05-11 13:27:23,059 INFO     ___FILE_ONLY___ ═
2026-05-11 13:27:23,071 INFO     ___FILE_ONLY___ ═
2026-05-11 13:27:23,082 INFO     ___FILE_ONLY___ ═
2026-05-11 13:27:23,093 INFO     ___FILE_ONLY___ ═
2026-05-11 13:27:23,106 INFO     ___FILE_ONLY___ ═
2026-05-11 13:27:23,120 INFO     ___FILE_ONLY___ ═
2026-05-11 13:27:23,133 INFO     ___FILE_ONLY___ ═
2026-05-11 13:27:23,147 INFO     ___FILE_ONLY___ ═
2026-05-11 13:27:23,160 INFO     ___FILE_ONLY___ ═
2026-05-11 13:27:23,173 INFO     ___FILE_ONLY___ ═
2026-05-11 13:27:23,187 INFO     ___FILE_ONLY___ ═
2026-05-11 13:27:23,200 INFO     ___FILE_ONLY___ ═
2026-05-11 13:27:23,200 INFO     ___FILE_ONLY___ ╝

2026-05-11 13:27:23,240 INFO     ___FILE_ONLY___ ╔════════════════════════════════════════════════════════════╗

2026-05-11 13:27:23,240 INFO     ___FILE_ONLY___ ╠═ Installing: Cloud Storage Command Line Tool              ═╣

2026-05-11 13:27:23,240 INFO     ___FILE_ONLY___ ╚
2026-05-11 13:27:23,737 INFO     ___FILE_ONLY___ ═
2026-05-11 13:27:23,748 INFO     ___FILE_ONLY___ ═
2026-05-11 13:27:23,758 INFO     ___FILE_ONLY___ ═
2026-05-11 13:27:23,768 INFO     ___FILE_ONLY___ ═
2026-05-11 13:27:23,777 INFO     ___FILE_ONLY___ ═
2026-05-11 13:27:23,809 INFO     ___FILE_ONLY___ ═
2026-05-11 13:27:23,821 INFO     ___FILE_ONLY___ ═
2026-05-11 13:27:23,837 INFO     ___FILE_ONLY___ ═
2026-05-11 13:27:23,851 INFO     ___FILE_ONLY___ ═
2026-05-11 13:27:23,871 INFO     ___FILE_ONLY___ ═
2026-05-11 13:27:23,887 INFO     ___FILE_ONLY___ ═
2026-05-11 13:27:23,898 INFO     ___FILE_ONLY___ ═
2026-05-11 13:27:23,909 INFO     ___FILE_ONLY___ ═
2026-05-11 13:27:23,918 INFO     ___FILE_ONLY___ ═
2026-05-11 13:27:23,927 INFO     ___FILE_ONLY___ ═
2026-05-11 13:27:23,945 INFO     ___FILE_ONLY___ ═
2026-05-11 13:27:23,958 INFO     ___FILE_ONLY___ ═
2026-05-11 13:27:23,968 INFO     ___FILE_ONLY___ ═
2026-05-11 13:27:23,981 INFO     ___FILE_ONLY___ ═
2026-05-11 13:27:23,991 INFO     ___FILE_ONLY___ ═
2026-05-11 13:27:24,001 INFO     ___FILE_ONLY___ ═
2026-05-11 13:27:24,014 INFO     ___FILE_ONLY___ ═
2026-05-11 13:27:24,024 INFO     ___FILE_ONLY___ ═
2026-05-11 13:27:24,036 INFO     ___FILE_ONLY___ ═
2026-05-11 13:27:24,046 INFO     ___FILE_ONLY___ ═
2026-05-11 13:27:24,057 INFO     ___FILE_ONLY___ ═
2026-05-11 13:27:24,067 INFO     ___FILE_ONLY___ ═
2026-05-11 13:27:24,083 INFO     ___FILE_ONLY___ ═
2026-05-11 13:27:24,098 INFO     ___FILE_ONLY___ ═
2026-05-11 13:27:24,110 INFO     ___FILE_ONLY___ ═
2026-05-11 13:27:24,121 INFO     ___FILE_ONLY___ ═
2026-05-11 13:27:24,140 INFO     ___FILE_ONLY___ ═
2026-05-11 13:27:24,155 INFO     ___FILE_ONLY___ ═
2026-05-11 13:27:24,173 INFO     ___FILE_ONLY___ ═
2026-05-11 13:27:24,187 INFO     ___FILE_ONLY___ ═
2026-05-11 13:27:24,201 INFO     ___FILE_ONLY___ ═
2026-05-11 13:27:24,210 INFO     ___FILE_ONLY___ ═
2026-05-11 13:27:24,221 INFO     ___FILE_ONLY___ ═
2026-05-11 13:27:24,254 INFO     ___FILE_ONLY___ ═
2026-05-11 13:27:24,267 INFO     ___FILE_ONLY___ ═
2026-05-11 13:27:24,278 INFO     ___FILE_ONLY___ ═
2026-05-11 13:27:24,287 INFO     ___FILE_ONLY___ ═
2026-05-11 13:27:24,297 INFO     ___FILE_ONLY___ ═
2026-05-11 13:27:24,306 INFO     ___FILE_ONLY___ ═
2026-05-11 13:27:24,316 INFO     ___FILE_ONLY___ ═
2026-05-11 13:27:24,326 INFO     ___FILE_ONLY___ ═
2026-05-11 13:27:24,335 INFO     ___FILE_ONLY___ ═
2026-05-11 13:27:24,344 INFO     ___FILE_ONLY___ ═
2026-05-11 13:27:24,353 INFO     ___FILE_ONLY___ ═
2026-05-11 13:27:24,365 INFO     ___FILE_ONLY___ ═
2026-05-11 13:27:24,379 INFO     ___FILE_ONLY___ ═
2026-05-11 13:27:24,392 INFO     ___FILE_ONLY___ ═
2026-05-11 13:27:24,404 INFO     ___FILE_ONLY___ ═
2026-05-11 13:27:24,417 INFO     ___FILE_ONLY___ ═
2026-05-11 13:27:24,428 INFO     ___FILE_ONLY___ ═
2026-05-11 13:27:24,443 INFO     ___FILE_ONLY___ ═
2026-05-11 13:27:24,458 INFO     ___FILE_ONLY___ ═
2026-05-11 13:27:24,479 INFO     ___FILE_ONLY___ ═
2026-05-11 13:27:24,495 INFO     ___FILE_ONLY___ ═
2026-05-11 13:27:24,511 INFO     ___FILE_ONLY___ ═
2026-05-11 13:27:24,512 INFO     ___FILE_ONLY___ ╝

2026-05-11 13:27:24,541 INFO     ___FILE_ONLY___ ╔════════════════════════════════════════════════════════════╗

2026-05-11 13:27:24,541 INFO     ___FILE_ONLY___ ╠═ Installing: Cloud Storage Command Line Tool (Platform... ═╣

2026-05-11 13:27:24,541 INFO     ___FILE_ONLY___ ╚
2026-05-11 13:27:24,542 INFO     ___FILE_ONLY___ ════════════════════════════════════════════════════════════
2026-05-11 13:27:24,542 INFO     ___FILE_ONLY___ ╝

2026-05-11 13:27:24,546 INFO     ___FILE_ONLY___ ╔════════════════════════════════════════════════════════════╗

2026-05-11 13:27:24,546 INFO     ___FILE_ONLY___ ╠═ Installing: Default set of gcloud commands               ═╣

2026-05-11 13:27:24,546 INFO     ___FILE_ONLY___ ╚
2026-05-11 13:27:24,548 INFO     ___FILE_ONLY___ ════════════════════════════════════════════════════════════
2026-05-11 13:27:24,548 INFO     ___FILE_ONLY___ ╝

2026-05-11 13:27:24,550 INFO     ___FILE_ONLY___ ╔════════════════════════════════════════════════════════════╗

2026-05-11 13:27:24,550 INFO     ___FILE_ONLY___ ╠═ Installing: Google Cloud CLI Core Libraries (Platform... ═╣

2026-05-11 13:27:24,550 INFO     ___FILE_ONLY___ ╚
2026-05-11 13:27:24,551 INFO     ___FILE_ONLY___ ══════════════════════════════
2026-05-11 13:27:24,551 INFO     ___FILE_ONLY___ ══════════════════════════════
2026-05-11 13:27:24,551 INFO     ___FILE_ONLY___ ╝

2026-05-11 13:27:24,555 INFO     ___FILE_ONLY___ ╔════════════════════════════════════════════════════════════╗

2026-05-11 13:27:24,555 INFO     ___FILE_ONLY___ ╠═ Installing: Google Cloud CRC32C Hash Tool                ═╣

2026-05-11 13:27:24,555 INFO     ___FILE_ONLY___ ╚
2026-05-11 13:27:24,557 INFO     ___FILE_ONLY___ ════════════════════════════════════════════════════════════
2026-05-11 13:27:24,557 INFO     ___FILE_ONLY___ ╝

2026-05-11 13:27:24,559 INFO     ___FILE_ONLY___ ╔════════════════════════════════════════════════════════════╗

2026-05-11 13:27:24,559 INFO     ___FILE_ONLY___ ╠═ Installing: Google Cloud CRC32C Hash Tool (Platform S... ═╣

2026-05-11 13:27:24,559 INFO     ___FILE_ONLY___ ╚
2026-05-11 13:27:24,594 INFO     ___FILE_ONLY___ ══════════════════════════════
2026-05-11 13:27:24,594 INFO     ___FILE_ONLY___ ══════════════════════════════
2026-05-11 13:27:24,595 INFO     ___FILE_ONLY___ ╝

2026-05-11 13:27:24,599 INFO     ___FILE_ONLY___ ╔════════════════════════════════════════════════════════════╗

2026-05-11 13:27:24,599 INFO     ___FILE_ONLY___ ╠═ Installing: gcloud cli dependencies (Platform Specific)  ═╣

2026-05-11 13:27:24,599 INFO     ___FILE_ONLY___ ╚
2026-05-11 13:27:24,599 INFO     ___FILE_ONLY___ ════════════════════════════════════════════════════════════
2026-05-11 13:27:24,599 INFO     ___FILE_ONLY___ ╝

2026-05-11 13:27:24,604 DEBUG    root            Updating notification cache...
2026-05-11 13:27:24,604 INFO     ___FILE_ONLY___ 

2026-05-11 13:27:24,606 INFO     ___FILE_ONLY___ Performing post processing steps...
2026-05-11 13:27:24,606 DEBUG    root            Executing command: ['/tools/google-cloud-sdk/bin/gcloud', 'components', 'post-process']
2026-05-11 13:27:34,361 DEBUG    ___FILE_ONLY___ 
2026-05-11 13:27:34,362 DEBUG    ___FILE_ONLY___ 
2026-05-11 13:27:34,393 INFO     root            descriptor_list: [{'universeDomain': 'googleapis.com', 'universeShortName': '', 'authenticationDomain': 'auth.cloud.google.com', 'projectPrefix': '', 'cloudWebDomain': 'cloud.google.com', 'documentationDomain': 'cloud.google.com', 'version': '1.0.0', 'state': 'primary', 'artifactRegistryDomain': 'pkg.dev'}]
2026-05-11 13:27:34,393 INFO     ___FILE_ONLY___ 
Update done!


2026-05-11 13:27:34,396 DEBUG    root            Chosen display Format:none
2026-05-11 13:27:34,396 INFO     root            Display format: "none"
