2026-05-11 13:27:35,055 DEBUG    root            Loaded Command Group: ['gcloud', 'components']
2026-05-11 13:27:35,088 DEBUG    root            Loaded Command Group: ['gcloud', 'components', 'update']
2026-05-11 13:27:35,090 DEBUG    root            Running [gcloud.components.update] with arguments: [--quiet: "True", COMPONENT-IDS:8: "['gcloud', 'core', 'bq', 'gsutil', 'compute', 'preview', 'alpha', 'beta']"]
2026-05-11 13:27:35,091 DEBUG    root            On GCE from disk cache: False
2026-05-11 13:27:35,091 INFO     ___FILE_ONLY___ Beginning update. This process may take several minutes.

2026-05-11 13:27:35,092 DEBUG    root            On GCE from memory cache: False
2026-05-11 13:27:35,094 DEBUG    root            On GCE from memory cache: False
2026-05-11 13:27:35,095 DEBUG    urllib3.connectionpool Starting new HTTPS connection (1): dl.google.com:443
2026-05-11 13:27:35,120 DEBUG    urllib3.connectionpool https://dl.google.com:443 "GET /dl/cloudsdk/channels/rapid/components-2.json HTTP/1.1" 200 25042
2026-05-11 13:27:35,132 WARNING  root            Component [compute] no longer exists.
2026-05-11 13:27:35,133 INFO     ___FILE_ONLY___ 

2026-05-11 13:27:35,133 INFO     ___FILE_ONLY___ 
Your current Google Cloud CLI version is: 567.0.0

2026-05-11 13:27:35,134 INFO     ___FILE_ONLY___ Installing components from version: 567.0.0

2026-05-11 13:27:35,134 INFO     ___FILE_ONLY___ 

2026-05-11 13:27:35,134 DEBUG    root            Chosen display Format:table[box,title="These components will be removed."](details.display_name:label=Name:align=left,version.version_string:label=Version:align=right,data.size.size(zero="",min=1048576):label=Size:align=right)
2026-05-11 13:27:35,135 DEBUG    root            Chosen display Format:table[box,title="These components will be updated."](details.display_name:label=Name:align=left,version.version_string:label=Version:align=right,data.size.size(zero="",min=1048576):label=Size:align=right)
2026-05-11 13:27:35,136 DEBUG    root            Chosen display Format:table[box,title="These components will be installed."](details.display_name:label=Name:align=left,version.version_string:label=Version:align=right,data.size.size(zero="",min=1048576):label=Size:align=right)
2026-05-11 13:27:35,158 INFO     ___FILE_ONLY___ ┌────────────────────────────────────────────────┐
2026-05-11 13:27:35,158 INFO     ___FILE_ONLY___ 

2026-05-11 13:27:35,158 INFO     ___FILE_ONLY___ │      These components will be installed.       │
2026-05-11 13:27:35,158 INFO     ___FILE_ONLY___ 

2026-05-11 13:27:35,158 INFO     ___FILE_ONLY___ ├─────────────────────────┬────────────┬─────────┤
2026-05-11 13:27:35,158 INFO     ___FILE_ONLY___ 

2026-05-11 13:27:35,158 INFO     ___FILE_ONLY___ │           Name          │  Version   │   Size  │
2026-05-11 13:27:35,158 INFO     ___FILE_ONLY___ 

2026-05-11 13:27:35,158 INFO     ___FILE_ONLY___ ├─────────────────────────┼────────────┼─────────┤
2026-05-11 13:27:35,159 INFO     ___FILE_ONLY___ 

2026-05-11 13:27:35,159 INFO     ___FILE_ONLY___ │ 
2026-05-11 13:27:35,159 INFO     ___FILE_ONLY___ gcloud Alpha Commands  
2026-05-11 13:27:35,159 INFO     ___FILE_ONLY___  
2026-05-11 13:27:35,159 INFO     ___FILE_ONLY___ │ 
2026-05-11 13:27:35,159 INFO     ___FILE_ONLY___ 2026.05.01
2026-05-11 13:27:35,159 INFO     ___FILE_ONLY___  
2026-05-11 13:27:35,159 INFO     ___FILE_ONLY___ │ 
2026-05-11 13:27:35,159 INFO     ___FILE_ONLY___ < 1 MiB
2026-05-11 13:27:35,159 INFO     ___FILE_ONLY___  
2026-05-11 13:27:35,159 INFO     ___FILE_ONLY___ │
2026-05-11 13:27:35,159 INFO     ___FILE_ONLY___ 

2026-05-11 13:27:35,159 INFO     ___FILE_ONLY___ │ 
2026-05-11 13:27:35,159 INFO     ___FILE_ONLY___ gcloud Beta Commands   
2026-05-11 13:27:35,159 INFO     ___FILE_ONLY___  
2026-05-11 13:27:35,159 INFO     ___FILE_ONLY___ │ 
2026-05-11 13:27:35,159 INFO     ___FILE_ONLY___ 2026.05.01
2026-05-11 13:27:35,159 INFO     ___FILE_ONLY___  
2026-05-11 13:27:35,159 INFO     ___FILE_ONLY___ │ 
2026-05-11 13:27:35,160 INFO     ___FILE_ONLY___ < 1 MiB
2026-05-11 13:27:35,160 INFO     ___FILE_ONLY___  
2026-05-11 13:27:35,160 INFO     ___FILE_ONLY___ │
2026-05-11 13:27:35,160 INFO     ___FILE_ONLY___ 

2026-05-11 13:27:35,160 INFO     ___FILE_ONLY___ │ 
2026-05-11 13:27:35,160 INFO     ___FILE_ONLY___ gcloud Preview Commands
2026-05-11 13:27:35,160 INFO     ___FILE_ONLY___  
2026-05-11 13:27:35,160 INFO     ___FILE_ONLY___ │ 
2026-05-11 13:27:35,160 INFO     ___FILE_ONLY___ 2026.05.01
2026-05-11 13:27:35,160 INFO     ___FILE_ONLY___  
2026-05-11 13:27:35,160 INFO     ___FILE_ONLY___ │ 
2026-05-11 13:27:35,160 INFO     ___FILE_ONLY___ < 1 MiB
2026-05-11 13:27:35,160 INFO     ___FILE_ONLY___  
2026-05-11 13:27:35,160 INFO     ___FILE_ONLY___ │
2026-05-11 13:27:35,160 INFO     ___FILE_ONLY___ 

2026-05-11 13:27:35,160 INFO     ___FILE_ONLY___ └─────────────────────────┴────────────┴─────────┘
2026-05-11 13:27:35,160 INFO     ___FILE_ONLY___ 

2026-05-11 13:27:35,160 INFO     ___FILE_ONLY___ 

2026-05-11 13:27:35,161 DEBUG    root            On GCE from memory cache: False
2026-05-11 13:27:35,163 DEBUG    root            On GCE from memory cache: False
2026-05-11 13:27:35,165 DEBUG    urllib3.connectionpool Starting new HTTPS connection (1): dl.google.com:443
2026-05-11 13:27:35,191 DEBUG    urllib3.connectionpool https://dl.google.com:443 "GET /dl/cloudsdk/channels/rapid/RELEASE_NOTES HTTP/1.1" 200 362633
2026-05-11 13:27:35,898 INFO     ___FILE_ONLY___ For the latest full release notes, please visit:
  https://cloud.google.com/sdk/release_notes


2026-05-11 13:27:35,898 INFO     ___FILE_ONLY___ Performing in place update...


2026-05-11 13:27:35,900 INFO     ___FILE_ONLY___ ╔════════════════════════════════════════════════════════════╗

2026-05-11 13:27:35,900 INFO     ___FILE_ONLY___ ╠═ Downloading: gcloud Alpha Commands                       ═╣

2026-05-11 13:27:35,900 INFO     ___FILE_ONLY___ ╚
2026-05-11 13:27:35,901 DEBUG    root            On GCE from memory cache: False
2026-05-11 13:27:35,902 DEBUG    root            On GCE from memory cache: False
2026-05-11 13:27:35,903 DEBUG    urllib3.connectionpool Starting new HTTPS connection (1): dl.google.com:443
2026-05-11 13:27:36,043 DEBUG    urllib3.connectionpool https://dl.google.com:443 "GET /dl/cloudsdk/channels/rapid/components/google-cloud-sdk-alpha-20260501041631.tar.gz HTTP/1.1" 200 761
2026-05-11 13:27:36,044 INFO     ___FILE_ONLY___ ════════════════════════════════════════════════════════════
2026-05-11 13:27:36,044 INFO     ___FILE_ONLY___ ╝

2026-05-11 13:27:36,046 INFO     ___FILE_ONLY___ ╔════════════════════════════════════════════════════════════╗

2026-05-11 13:27:36,046 INFO     ___FILE_ONLY___ ╠═ Downloading: gcloud Beta Commands                        ═╣

2026-05-11 13:27:36,046 INFO     ___FILE_ONLY___ ╚
2026-05-11 13:27:36,047 DEBUG    root            On GCE from memory cache: False
2026-05-11 13:27:36,048 DEBUG    root            On GCE from memory cache: False
2026-05-11 13:27:36,049 DEBUG    urllib3.connectionpool Starting new HTTPS connection (1): dl.google.com:443
2026-05-11 13:27:36,131 DEBUG    urllib3.connectionpool https://dl.google.com:443 "GET /dl/cloudsdk/channels/rapid/components/google-cloud-sdk-beta-20260501041631.tar.gz HTTP/1.1" 200 758
2026-05-11 13:27:36,132 INFO     ___FILE_ONLY___ ════════════════════════════════════════════════════════════
2026-05-11 13:27:36,132 INFO     ___FILE_ONLY___ ╝

2026-05-11 13:27:36,134 INFO     ___FILE_ONLY___ ╔════════════════════════════════════════════════════════════╗

2026-05-11 13:27:36,134 INFO     ___FILE_ONLY___ ╠═ Downloading: gcloud Preview Commands                     ═╣

2026-05-11 13:27:36,134 INFO     ___FILE_ONLY___ ╚
2026-05-11 13:27:36,135 DEBUG    root            On GCE from memory cache: False
2026-05-11 13:27:36,136 DEBUG    root            On GCE from memory cache: False
2026-05-11 13:27:36,137 DEBUG    urllib3.connectionpool Starting new HTTPS connection (1): dl.google.com:443
2026-05-11 13:27:36,206 DEBUG    urllib3.connectionpool https://dl.google.com:443 "GET /dl/cloudsdk/channels/rapid/components/google-cloud-sdk-preview-20260501041631.tar.gz HTTP/1.1" 200 782
2026-05-11 13:27:36,206 INFO     ___FILE_ONLY___ ════════════════════════════════════════════════════════════
2026-05-11 13:27:36,207 INFO     ___FILE_ONLY___ ╝

2026-05-11 13:27:36,208 INFO     ___FILE_ONLY___ ╔════════════════════════════════════════════════════════════╗

2026-05-11 13:27:36,209 INFO     ___FILE_ONLY___ ╠═ Installing: gcloud Alpha Commands                        ═╣

2026-05-11 13:27:36,209 INFO     ___FILE_ONLY___ ╚
2026-05-11 13:27:36,210 INFO     ___FILE_ONLY___ ════════════════════════════════════════════════════════════
2026-05-11 13:27:36,210 INFO     ___FILE_ONLY___ ╝

2026-05-11 13:27:36,215 INFO     ___FILE_ONLY___ ╔════════════════════════════════════════════════════════════╗

2026-05-11 13:27:36,215 INFO     ___FILE_ONLY___ ╠═ Installing: gcloud Beta Commands                         ═╣

2026-05-11 13:27:36,215 INFO     ___FILE_ONLY___ ╚
2026-05-11 13:27:36,216 INFO     ___FILE_ONLY___ ════════════════════════════════════════════════════════════
2026-05-11 13:27:36,216 INFO     ___FILE_ONLY___ ╝

2026-05-11 13:27:36,222 INFO     ___FILE_ONLY___ ╔════════════════════════════════════════════════════════════╗

2026-05-11 13:27:36,222 INFO     ___FILE_ONLY___ ╠═ Installing: gcloud Preview Commands                      ═╣

2026-05-11 13:27:36,222 INFO     ___FILE_ONLY___ ╚
2026-05-11 13:27:36,223 INFO     ___FILE_ONLY___ ════════════════════════════════════════════════════════════
2026-05-11 13:27:36,223 INFO     ___FILE_ONLY___ ╝

2026-05-11 13:27:36,228 DEBUG    root            Updating notification cache...
2026-05-11 13:27:36,229 INFO     ___FILE_ONLY___ 

2026-05-11 13:27:36,230 INFO     ___FILE_ONLY___ Performing post processing steps...
2026-05-11 13:27:36,231 DEBUG    root            Executing command: ['/tools/google-cloud-sdk/bin/gcloud', 'components', 'post-process']
2026-05-11 13:27:49,071 DEBUG    ___FILE_ONLY___ 
2026-05-11 13:27:49,072 DEBUG    ___FILE_ONLY___ 
2026-05-11 13:27:49,254 INFO     root            descriptor_list: [{'universeDomain': 'googleapis.com', 'universeShortName': '', 'authenticationDomain': 'auth.cloud.google.com', 'projectPrefix': '', 'cloudWebDomain': 'cloud.google.com', 'documentationDomain': 'cloud.google.com', 'version': '1.0.0', 'state': 'primary', 'artifactRegistryDomain': 'pkg.dev'}]
2026-05-11 13:27:49,255 INFO     ___FILE_ONLY___ 
Update done!


2026-05-11 13:27:49,258 DEBUG    root            Chosen display Format:none
2026-05-11 13:27:49,259 INFO     root            Display format: "none"
