2026-05-12 13:28:53,387 DEBUG    root            Failed to read GCE cache file: [Errno 2] No such file or directory: '/content/.config/gce'
2026-05-12 13:29:05,411 DEBUG    root            Failed to check metadata server: <urlopen error timed out>
2026-05-12 13:29:05,412 DEBUG    root            On GCE from server: False
2026-05-12 13:29:05,414 DEBUG    root            Loaded Command Group: ['gcloud', 'components']
2026-05-12 13:29:05,418 DEBUG    root            Loaded Command Group: ['gcloud', 'components', 'update']
2026-05-12 13:29:05,420 DEBUG    root            Running [gcloud.components.update] with arguments: [--compile-python: "True", --quiet: "True", COMPONENT-IDS:6: "['core', 'gcloud-deps', 'bq', 'gcloud', 'gcloud-crc32c', 'gsutil']"]
2026-05-12 13:29:05,421 INFO     ___FILE_ONLY___ Beginning update. This process may take several minutes.

2026-05-12 13:29:05,444 DEBUG    root            On GCE from memory cache: False
2026-05-12 13:29:05,446 DEBUG    root            On GCE from memory cache: False
2026-05-12 13:29:05,448 DEBUG    urllib3.connectionpool Starting new HTTPS connection (1): dl.google.com:443
2026-05-12 13:29:05,523 DEBUG    urllib3.connectionpool https://dl.google.com:443 "GET /dl/cloudsdk/channels/rapid/components-2.json HTTP/1.1" 200 25078
2026-05-12 13:29:05,535 INFO     ___FILE_ONLY___ 

2026-05-12 13:29:05,535 INFO     ___FILE_ONLY___ 
Your current Google Cloud CLI version is: 568.0.0

2026-05-12 13:29:05,535 INFO     ___FILE_ONLY___ Installing components from version: 568.0.0

2026-05-12 13:29:05,535 INFO     ___FILE_ONLY___ 

2026-05-12 13:29:05,535 DEBUG    root            Chosen display Format:table[box,title="These components will be removed."](details.display_name:label=Name:align=left,version.version_string:label=Version:align=right,data.size.size(zero="",min=1048576):label=Size:align=right)
2026-05-12 13:29:05,536 DEBUG    root            Chosen display Format:table[box,title="These components will be updated."](details.display_name:label=Name:align=left,version.version_string:label=Version:align=right,data.size.size(zero="",min=1048576):label=Size:align=right)
2026-05-12 13:29:05,536 DEBUG    root            Chosen display Format:table[box,title="These components will be installed."](details.display_name:label=Name:align=left,version.version_string:label=Version:align=right,data.size.size(zero="",min=1048576):label=Size:align=right)
2026-05-12 13:29:05,578 INFO     ___FILE_ONLY___ ┌─────────────────────────────────────────────────────────────────────────────┐
2026-05-12 13:29:05,578 INFO     ___FILE_ONLY___ 

2026-05-12 13:29:05,578 INFO     ___FILE_ONLY___ │                     These components will be installed.                     │
2026-05-12 13:29:05,578 INFO     ___FILE_ONLY___ 

2026-05-12 13:29:05,578 INFO     ___FILE_ONLY___ ├─────────────────────────────────────────────────────┬────────────┬──────────┤
2026-05-12 13:29:05,578 INFO     ___FILE_ONLY___ 

2026-05-12 13:29:05,578 INFO     ___FILE_ONLY___ │                         Name                        │  Version   │   Size   │
2026-05-12 13:29:05,578 INFO     ___FILE_ONLY___ 

2026-05-12 13:29:05,579 INFO     ___FILE_ONLY___ ├─────────────────────────────────────────────────────┼────────────┼──────────┤
2026-05-12 13:29:05,579 INFO     ___FILE_ONLY___ 

2026-05-12 13:29:05,579 INFO     ___FILE_ONLY___ │ 
2026-05-12 13:29:05,579 INFO     ___FILE_ONLY___ BigQuery Command Line Tool                         
2026-05-12 13:29:05,579 INFO     ___FILE_ONLY___  
2026-05-12 13:29:05,579 INFO     ___FILE_ONLY___ │ 
2026-05-12 13:29:05,579 INFO     ___FILE_ONLY___     2.1.31
2026-05-12 13:29:05,579 INFO     ___FILE_ONLY___  
2026-05-12 13:29:05,579 INFO     ___FILE_ONLY___ │ 
2026-05-12 13:29:05,579 INFO     ___FILE_ONLY___  1.8 MiB
2026-05-12 13:29:05,579 INFO     ___FILE_ONLY___  
2026-05-12 13:29:05,579 INFO     ___FILE_ONLY___ │
2026-05-12 13:29:05,579 INFO     ___FILE_ONLY___ 

2026-05-12 13:29:05,579 INFO     ___FILE_ONLY___ │ 
2026-05-12 13:29:05,579 INFO     ___FILE_ONLY___ BigQuery Command Line Tool (Platform Specific)     
2026-05-12 13:29:05,579 INFO     ___FILE_ONLY___  
2026-05-12 13:29:05,579 INFO     ___FILE_ONLY___ │ 
2026-05-12 13:29:05,579 INFO     ___FILE_ONLY___     2.1.31
2026-05-12 13:29:05,579 INFO     ___FILE_ONLY___  
2026-05-12 13:29:05,579 INFO     ___FILE_ONLY___ │ 
2026-05-12 13:29:05,580 INFO     ___FILE_ONLY___  < 1 MiB
2026-05-12 13:29:05,580 INFO     ___FILE_ONLY___  
2026-05-12 13:29:05,580 INFO     ___FILE_ONLY___ │
2026-05-12 13:29:05,580 INFO     ___FILE_ONLY___ 

2026-05-12 13:29:05,580 INFO     ___FILE_ONLY___ │ 
2026-05-12 13:29:05,580 INFO     ___FILE_ONLY___ Bundled Python 3.14 (Platform Specific)            
2026-05-12 13:29:05,580 INFO     ___FILE_ONLY___  
2026-05-12 13:29:05,580 INFO     ___FILE_ONLY___ │ 
2026-05-12 13:29:05,580 INFO     ___FILE_ONLY___     3.14.4
2026-05-12 13:29:05,580 INFO     ___FILE_ONLY___  
2026-05-12 13:29:05,580 INFO     ___FILE_ONLY___ │ 
2026-05-12 13:29:05,580 INFO     ___FILE_ONLY___ 25.9 MiB
2026-05-12 13:29:05,580 INFO     ___FILE_ONLY___  
2026-05-12 13:29:05,580 INFO     ___FILE_ONLY___ │
2026-05-12 13:29:05,580 INFO     ___FILE_ONLY___ 

2026-05-12 13:29:05,580 INFO     ___FILE_ONLY___ │ 
2026-05-12 13:29:05,580 INFO     ___FILE_ONLY___ Cloud Storage Command Line Tool                    
2026-05-12 13:29:05,580 INFO     ___FILE_ONLY___  
2026-05-12 13:29:05,580 INFO     ___FILE_ONLY___ │ 
2026-05-12 13:29:05,580 INFO     ___FILE_ONLY___       5.37
2026-05-12 13:29:05,580 INFO     ___FILE_ONLY___  
2026-05-12 13:29:05,581 INFO     ___FILE_ONLY___ │ 
2026-05-12 13:29:05,581 INFO     ___FILE_ONLY___ 12.4 MiB
2026-05-12 13:29:05,581 INFO     ___FILE_ONLY___  
2026-05-12 13:29:05,581 INFO     ___FILE_ONLY___ │
2026-05-12 13:29:05,581 INFO     ___FILE_ONLY___ 

2026-05-12 13:29:05,581 INFO     ___FILE_ONLY___ │ 
2026-05-12 13:29:05,581 INFO     ___FILE_ONLY___ Cloud Storage Command Line Tool (Platform Specific)
2026-05-12 13:29:05,581 INFO     ___FILE_ONLY___  
2026-05-12 13:29:05,581 INFO     ___FILE_ONLY___ │ 
2026-05-12 13:29:05,581 INFO     ___FILE_ONLY___       5.36
2026-05-12 13:29:05,581 INFO     ___FILE_ONLY___  
2026-05-12 13:29:05,581 INFO     ___FILE_ONLY___ │ 
2026-05-12 13:29:05,581 INFO     ___FILE_ONLY___  < 1 MiB
2026-05-12 13:29:05,581 INFO     ___FILE_ONLY___  
2026-05-12 13:29:05,581 INFO     ___FILE_ONLY___ │
2026-05-12 13:29:05,581 INFO     ___FILE_ONLY___ 

2026-05-12 13:29:05,581 INFO     ___FILE_ONLY___ │ 
2026-05-12 13:29:05,581 INFO     ___FILE_ONLY___ Google Cloud CLI Core Libraries (Platform Specific)
2026-05-12 13:29:05,581 INFO     ___FILE_ONLY___  
2026-05-12 13:29:05,581 INFO     ___FILE_ONLY___ │ 
2026-05-12 13:29:05,581 INFO     ___FILE_ONLY___ 2026.04.24
2026-05-12 13:29:05,582 INFO     ___FILE_ONLY___  
2026-05-12 13:29:05,582 INFO     ___FILE_ONLY___ │ 
2026-05-12 13:29:05,582 INFO     ___FILE_ONLY___  < 1 MiB
2026-05-12 13:29:05,582 INFO     ___FILE_ONLY___  
2026-05-12 13:29:05,582 INFO     ___FILE_ONLY___ │
2026-05-12 13:29:05,582 INFO     ___FILE_ONLY___ 

2026-05-12 13:29:05,582 INFO     ___FILE_ONLY___ │ 
2026-05-12 13:29:05,582 INFO     ___FILE_ONLY___ Google Cloud CRC32C Hash Tool (Platform Specific)  
2026-05-12 13:29:05,582 INFO     ___FILE_ONLY___  
2026-05-12 13:29:05,582 INFO     ___FILE_ONLY___ │ 
2026-05-12 13:29:05,582 INFO     ___FILE_ONLY___      1.0.0
2026-05-12 13:29:05,582 INFO     ___FILE_ONLY___  
2026-05-12 13:29:05,582 INFO     ___FILE_ONLY___ │ 
2026-05-12 13:29:05,582 INFO     ___FILE_ONLY___  1.5 MiB
2026-05-12 13:29:05,582 INFO     ___FILE_ONLY___  
2026-05-12 13:29:05,582 INFO     ___FILE_ONLY___ │
2026-05-12 13:29:05,582 INFO     ___FILE_ONLY___ 

2026-05-12 13:29:05,582 INFO     ___FILE_ONLY___ │ 
2026-05-12 13:29:05,582 INFO     ___FILE_ONLY___ gcloud cli dependencies (Platform Specific)        
2026-05-12 13:29:05,582 INFO     ___FILE_ONLY___  
2026-05-12 13:29:05,582 INFO     ___FILE_ONLY___ │ 
2026-05-12 13:29:05,582 INFO     ___FILE_ONLY___ 2021.04.16
2026-05-12 13:29:05,583 INFO     ___FILE_ONLY___  
2026-05-12 13:29:05,583 INFO     ___FILE_ONLY___ │ 
2026-05-12 13:29:05,583 INFO     ___FILE_ONLY___  < 1 MiB
2026-05-12 13:29:05,583 INFO     ___FILE_ONLY___  
2026-05-12 13:29:05,583 INFO     ___FILE_ONLY___ │
2026-05-12 13:29:05,583 INFO     ___FILE_ONLY___ 

2026-05-12 13:29:05,583 INFO     ___FILE_ONLY___ └─────────────────────────────────────────────────────┴────────────┴──────────┘
2026-05-12 13:29:05,583 INFO     ___FILE_ONLY___ 

2026-05-12 13:29:05,583 INFO     ___FILE_ONLY___ 

2026-05-12 13:29:05,584 DEBUG    root            On GCE from memory cache: False
2026-05-12 13:29:05,585 DEBUG    root            On GCE from memory cache: False
2026-05-12 13:29:05,586 DEBUG    urllib3.connectionpool Starting new HTTPS connection (1): dl.google.com:443
2026-05-12 13:29:05,660 DEBUG    urllib3.connectionpool https://dl.google.com:443 "GET /dl/cloudsdk/channels/rapid/RELEASE_NOTES HTTP/1.1" 200 363271
2026-05-12 13:29:06,210 INFO     ___FILE_ONLY___ For the latest full release notes, please visit:
  https://cloud.google.com/sdk/release_notes


2026-05-12 13:29:06,211 INFO     ___FILE_ONLY___ Performing in place update...


2026-05-12 13:29:06,213 INFO     ___FILE_ONLY___ ╔════════════════════════════════════════════════════════════╗

2026-05-12 13:29:06,213 INFO     ___FILE_ONLY___ ╠═ Downloading: BigQuery Command Line Tool                  ═╣

2026-05-12 13:29:06,213 INFO     ___FILE_ONLY___ ╚
2026-05-12 13:29:06,214 DEBUG    root            On GCE from memory cache: False
2026-05-12 13:29:06,215 DEBUG    root            On GCE from memory cache: False
2026-05-12 13:29:06,216 DEBUG    urllib3.connectionpool Starting new HTTPS connection (1): dl.google.com:443
2026-05-12 13:29:06,288 DEBUG    urllib3.connectionpool https://dl.google.com:443 "GET /dl/cloudsdk/channels/rapid/components/google-cloud-sdk-bq-20260327141905.tar.gz HTTP/1.1" 200 1931708
2026-05-12 13:29:06,303 INFO     ___FILE_ONLY___ ═
2026-05-12 13:29:06,303 INFO     ___FILE_ONLY___ ═
2026-05-12 13:29:06,303 INFO     ___FILE_ONLY___ ═
2026-05-12 13:29:06,304 INFO     ___FILE_ONLY___ ═
2026-05-12 13:29:06,304 INFO     ___FILE_ONLY___ ═
2026-05-12 13:29:06,304 INFO     ___FILE_ONLY___ ═
2026-05-12 13:29:06,304 INFO     ___FILE_ONLY___ ═
2026-05-12 13:29:06,304 INFO     ___FILE_ONLY___ ═
2026-05-12 13:29:06,304 INFO     ___FILE_ONLY___ ═
2026-05-12 13:29:06,304 INFO     ___FILE_ONLY___ ═
2026-05-12 13:29:06,304 INFO     ___FILE_ONLY___ ═
2026-05-12 13:29:06,304 INFO     ___FILE_ONLY___ ═
2026-05-12 13:29:06,304 INFO     ___FILE_ONLY___ ═
2026-05-12 13:29:06,305 INFO     ___FILE_ONLY___ ═
2026-05-12 13:29:06,305 INFO     ___FILE_ONLY___ ═
2026-05-12 13:29:06,305 INFO     ___FILE_ONLY___ ═
2026-05-12 13:29:06,305 INFO     ___FILE_ONLY___ ═
2026-05-12 13:29:06,305 INFO     ___FILE_ONLY___ ═
2026-05-12 13:29:06,305 INFO     ___FILE_ONLY___ ═
2026-05-12 13:29:06,305 INFO     ___FILE_ONLY___ ═
2026-05-12 13:29:06,305 INFO     ___FILE_ONLY___ ═
2026-05-12 13:29:06,305 INFO     ___FILE_ONLY___ ═
2026-05-12 13:29:06,305 INFO     ___FILE_ONLY___ ═
2026-05-12 13:29:06,305 INFO     ___FILE_ONLY___ ═
2026-05-12 13:29:06,306 INFO     ___FILE_ONLY___ ═
2026-05-12 13:29:06,306 INFO     ___FILE_ONLY___ ═
2026-05-12 13:29:06,306 INFO     ___FILE_ONLY___ ═
2026-05-12 13:29:06,306 INFO     ___FILE_ONLY___ ═
2026-05-12 13:29:06,306 INFO     ___FILE_ONLY___ ═
2026-05-12 13:29:06,306 INFO     ___FILE_ONLY___ ═
2026-05-12 13:29:06,306 INFO     ___FILE_ONLY___ ═
2026-05-12 13:29:06,306 INFO     ___FILE_ONLY___ ═
2026-05-12 13:29:06,306 INFO     ___FILE_ONLY___ ═
2026-05-12 13:29:06,306 INFO     ___FILE_ONLY___ ═
2026-05-12 13:29:06,307 INFO     ___FILE_ONLY___ ═
2026-05-12 13:29:06,307 INFO     ___FILE_ONLY___ ═
2026-05-12 13:29:06,307 INFO     ___FILE_ONLY___ ═
2026-05-12 13:29:06,307 INFO     ___FILE_ONLY___ ═
2026-05-12 13:29:06,307 INFO     ___FILE_ONLY___ ═
2026-05-12 13:29:06,307 INFO     ___FILE_ONLY___ ═
2026-05-12 13:29:06,307 INFO     ___FILE_ONLY___ ═
2026-05-12 13:29:06,307 INFO     ___FILE_ONLY___ ═
2026-05-12 13:29:06,307 INFO     ___FILE_ONLY___ ═
2026-05-12 13:29:06,307 INFO     ___FILE_ONLY___ ═
2026-05-12 13:29:06,307 INFO     ___FILE_ONLY___ ═
2026-05-12 13:29:06,308 INFO     ___FILE_ONLY___ ═
2026-05-12 13:29:06,308 INFO     ___FILE_ONLY___ ═
2026-05-12 13:29:06,308 INFO     ___FILE_ONLY___ ═
2026-05-12 13:29:06,308 INFO     ___FILE_ONLY___ ═
2026-05-12 13:29:06,308 INFO     ___FILE_ONLY___ ═
2026-05-12 13:29:06,308 INFO     ___FILE_ONLY___ ═
2026-05-12 13:29:06,308 INFO     ___FILE_ONLY___ ═
2026-05-12 13:29:06,308 INFO     ___FILE_ONLY___ ═
2026-05-12 13:29:06,308 INFO     ___FILE_ONLY___ ═
2026-05-12 13:29:06,308 INFO     ___FILE_ONLY___ ═
2026-05-12 13:29:06,308 INFO     ___FILE_ONLY___ ═
2026-05-12 13:29:06,309 INFO     ___FILE_ONLY___ ═
2026-05-12 13:29:06,309 INFO     ___FILE_ONLY___ ═
2026-05-12 13:29:06,309 INFO     ___FILE_ONLY___ ═
2026-05-12 13:29:06,309 INFO     ___FILE_ONLY___ ═
2026-05-12 13:29:06,309 INFO     ___FILE_ONLY___ ╝

2026-05-12 13:29:06,311 INFO     ___FILE_ONLY___ ╔════════════════════════════════════════════════════════════╗

2026-05-12 13:29:06,311 INFO     ___FILE_ONLY___ ╠═ Downloading: BigQuery Command Line Tool (Platform Spe... ═╣

2026-05-12 13:29:06,311 INFO     ___FILE_ONLY___ ╚
2026-05-12 13:29:06,312 DEBUG    root            On GCE from memory cache: False
2026-05-12 13:29:06,313 DEBUG    root            On GCE from memory cache: False
2026-05-12 13:29:06,314 DEBUG    urllib3.connectionpool Starting new HTTPS connection (1): dl.google.com:443
2026-05-12 13:29:06,570 DEBUG    urllib3.connectionpool https://dl.google.com:443 "GET /dl/cloudsdk/channels/rapid/components/google-cloud-sdk-bq-nix-20260424041539.tar.gz HTTP/1.1" 200 1948
2026-05-12 13:29:06,571 INFO     ___FILE_ONLY___ ════════════════════════════════════════════════════════════
2026-05-12 13:29:06,571 INFO     ___FILE_ONLY___ ╝

2026-05-12 13:29:06,573 INFO     ___FILE_ONLY___ ╔════════════════════════════════════════════════════════════╗

2026-05-12 13:29:06,573 INFO     ___FILE_ONLY___ ╠═ Downloading: Bundled Python 3.14                         ═╣

2026-05-12 13:29:06,573 INFO     ___FILE_ONLY___ ╚
2026-05-12 13:29:06,573 INFO     ___FILE_ONLY___ ════════════════════════════════════════════════════════════
2026-05-12 13:29:06,573 INFO     ___FILE_ONLY___ ╝

2026-05-12 13:29:06,575 INFO     ___FILE_ONLY___ ╔════════════════════════════════════════════════════════════╗

2026-05-12 13:29:06,575 INFO     ___FILE_ONLY___ ╠═ Downloading: Bundled Python 3.14 (Platform Specific)     ═╣

2026-05-12 13:29:06,575 INFO     ___FILE_ONLY___ ╚
2026-05-12 13:29:06,576 DEBUG    root            On GCE from memory cache: False
2026-05-12 13:29:06,577 DEBUG    root            On GCE from memory cache: False
2026-05-12 13:29:06,578 DEBUG    urllib3.connectionpool Starting new HTTPS connection (1): dl.google.com:443
2026-05-12 13:29:06,667 DEBUG    urllib3.connectionpool https://dl.google.com:443 "GET /dl/cloudsdk/channels/rapid/components/google-cloud-sdk-bundled-python3-unix-linux-x86_64-20260508041647.tar.gz HTTP/1.1" 200 27141728
2026-05-12 13:29:06,762 INFO     ___FILE_ONLY___ ═
2026-05-12 13:29:06,762 INFO     ___FILE_ONLY___ ═
2026-05-12 13:29:06,763 INFO     ___FILE_ONLY___ ═
2026-05-12 13:29:06,764 INFO     ___FILE_ONLY___ ═
2026-05-12 13:29:06,764 INFO     ___FILE_ONLY___ ═
2026-05-12 13:29:06,765 INFO     ___FILE_ONLY___ ═
2026-05-12 13:29:06,766 INFO     ___FILE_ONLY___ ═
2026-05-12 13:29:06,766 INFO     ___FILE_ONLY___ ═
2026-05-12 13:29:06,767 INFO     ___FILE_ONLY___ ═
2026-05-12 13:29:06,767 INFO     ___FILE_ONLY___ ═
2026-05-12 13:29:06,768 INFO     ___FILE_ONLY___ ═
2026-05-12 13:29:06,769 INFO     ___FILE_ONLY___ ═
2026-05-12 13:29:06,769 INFO     ___FILE_ONLY___ ═
2026-05-12 13:29:06,770 INFO     ___FILE_ONLY___ ═
2026-05-12 13:29:06,770 INFO     ___FILE_ONLY___ ═
2026-05-12 13:29:06,771 INFO     ___FILE_ONLY___ ═
2026-05-12 13:29:06,772 INFO     ___FILE_ONLY___ ═
2026-05-12 13:29:06,772 INFO     ___FILE_ONLY___ ═
2026-05-12 13:29:06,773 INFO     ___FILE_ONLY___ ═
2026-05-12 13:29:06,773 INFO     ___FILE_ONLY___ ═
2026-05-12 13:29:06,774 INFO     ___FILE_ONLY___ ═
2026-05-12 13:29:06,775 INFO     ___FILE_ONLY___ ═
2026-05-12 13:29:06,775 INFO     ___FILE_ONLY___ ═
2026-05-12 13:29:06,776 INFO     ___FILE_ONLY___ ═
2026-05-12 13:29:06,776 INFO     ___FILE_ONLY___ ═
2026-05-12 13:29:06,777 INFO     ___FILE_ONLY___ ═
2026-05-12 13:29:06,778 INFO     ___FILE_ONLY___ ═
2026-05-12 13:29:06,778 INFO     ___FILE_ONLY___ ═
2026-05-12 13:29:06,779 INFO     ___FILE_ONLY___ ═
2026-05-12 13:29:06,780 INFO     ___FILE_ONLY___ ═
2026-05-12 13:29:06,780 INFO     ___FILE_ONLY___ ═
2026-05-12 13:29:06,781 INFO     ___FILE_ONLY___ ═
2026-05-12 13:29:06,781 INFO     ___FILE_ONLY___ ═
2026-05-12 13:29:06,782 INFO     ___FILE_ONLY___ ═
2026-05-12 13:29:06,783 INFO     ___FILE_ONLY___ ═
2026-05-12 13:29:06,783 INFO     ___FILE_ONLY___ ═
2026-05-12 13:29:06,784 INFO     ___FILE_ONLY___ ═
2026-05-12 13:29:06,785 INFO     ___FILE_ONLY___ ═
2026-05-12 13:29:06,785 INFO     ___FILE_ONLY___ ═
2026-05-12 13:29:06,786 INFO     ___FILE_ONLY___ ═
2026-05-12 13:29:06,787 INFO     ___FILE_ONLY___ ═
2026-05-12 13:29:06,787 INFO     ___FILE_ONLY___ ═
2026-05-12 13:29:06,788 INFO     ___FILE_ONLY___ ═
2026-05-12 13:29:06,789 INFO     ___FILE_ONLY___ ═
2026-05-12 13:29:06,789 INFO     ___FILE_ONLY___ ═
2026-05-12 13:29:06,790 INFO     ___FILE_ONLY___ ═
2026-05-12 13:29:06,790 INFO     ___FILE_ONLY___ ═
2026-05-12 13:29:06,791 INFO     ___FILE_ONLY___ ═
2026-05-12 13:29:06,792 INFO     ___FILE_ONLY___ ═
2026-05-12 13:29:06,792 INFO     ___FILE_ONLY___ ═
2026-05-12 13:29:06,793 INFO     ___FILE_ONLY___ ═
2026-05-12 13:29:06,794 INFO     ___FILE_ONLY___ ═
2026-05-12 13:29:06,794 INFO     ___FILE_ONLY___ ═
2026-05-12 13:29:06,795 INFO     ___FILE_ONLY___ ═
2026-05-12 13:29:06,796 INFO     ___FILE_ONLY___ ═
2026-05-12 13:29:06,796 INFO     ___FILE_ONLY___ ═
2026-05-12 13:29:06,797 INFO     ___FILE_ONLY___ ═
2026-05-12 13:29:06,797 INFO     ___FILE_ONLY___ ═
2026-05-12 13:29:06,798 INFO     ___FILE_ONLY___ ═
2026-05-12 13:29:06,799 INFO     ___FILE_ONLY___ ═
2026-05-12 13:29:06,799 INFO     ___FILE_ONLY___ ╝

2026-05-12 13:29:06,801 INFO     ___FILE_ONLY___ ╔════════════════════════════════════════════════════════════╗

2026-05-12 13:29:06,801 INFO     ___FILE_ONLY___ ╠═ Downloading: Cloud Storage Command Line Tool             ═╣

2026-05-12 13:29:06,801 INFO     ___FILE_ONLY___ ╚
2026-05-12 13:29:06,802 DEBUG    root            On GCE from memory cache: False
2026-05-12 13:29:06,803 DEBUG    root            On GCE from memory cache: False
2026-05-12 13:29:06,804 DEBUG    urllib3.connectionpool Starting new HTTPS connection (1): dl.google.com:443
2026-05-12 13:29:06,875 DEBUG    urllib3.connectionpool https://dl.google.com:443 "GET /dl/cloudsdk/channels/rapid/components/google-cloud-sdk-gsutil-20260501041631.tar.gz HTTP/1.1" 200 12967034
2026-05-12 13:29:06,916 INFO     ___FILE_ONLY___ ═
2026-05-12 13:29:06,917 INFO     ___FILE_ONLY___ ═
2026-05-12 13:29:06,917 INFO     ___FILE_ONLY___ ═
2026-05-12 13:29:06,918 INFO     ___FILE_ONLY___ ═
2026-05-12 13:29:06,918 INFO     ___FILE_ONLY___ ═
2026-05-12 13:29:06,919 INFO     ___FILE_ONLY___ ═
2026-05-12 13:29:06,919 INFO     ___FILE_ONLY___ ═
2026-05-12 13:29:06,919 INFO     ___FILE_ONLY___ ═
2026-05-12 13:29:06,920 INFO     ___FILE_ONLY___ ═
2026-05-12 13:29:06,920 INFO     ___FILE_ONLY___ ═
2026-05-12 13:29:06,921 INFO     ___FILE_ONLY___ ═
2026-05-12 13:29:06,921 INFO     ___FILE_ONLY___ ═
2026-05-12 13:29:06,921 INFO     ___FILE_ONLY___ ═
2026-05-12 13:29:06,922 INFO     ___FILE_ONLY___ ═
2026-05-12 13:29:06,922 INFO     ___FILE_ONLY___ ═
2026-05-12 13:29:06,923 INFO     ___FILE_ONLY___ ═
2026-05-12 13:29:06,923 INFO     ___FILE_ONLY___ ═
2026-05-12 13:29:06,923 INFO     ___FILE_ONLY___ ═
2026-05-12 13:29:06,924 INFO     ___FILE_ONLY___ ═
2026-05-12 13:29:06,924 INFO     ___FILE_ONLY___ ═
2026-05-12 13:29:06,924 INFO     ___FILE_ONLY___ ═
2026-05-12 13:29:06,925 INFO     ___FILE_ONLY___ ═
2026-05-12 13:29:06,925 INFO     ___FILE_ONLY___ ═
2026-05-12 13:29:06,926 INFO     ___FILE_ONLY___ ═
2026-05-12 13:29:06,926 INFO     ___FILE_ONLY___ ═
2026-05-12 13:29:06,926 INFO     ___FILE_ONLY___ ═
2026-05-12 13:29:06,927 INFO     ___FILE_ONLY___ ═
2026-05-12 13:29:06,927 INFO     ___FILE_ONLY___ ═
2026-05-12 13:29:06,928 INFO     ___FILE_ONLY___ ═
2026-05-12 13:29:06,928 INFO     ___FILE_ONLY___ ═
2026-05-12 13:29:06,928 INFO     ___FILE_ONLY___ ═
2026-05-12 13:29:06,929 INFO     ___FILE_ONLY___ ═
2026-05-12 13:29:06,929 INFO     ___FILE_ONLY___ ═
2026-05-12 13:29:06,929 INFO     ___FILE_ONLY___ ═
2026-05-12 13:29:06,930 INFO     ___FILE_ONLY___ ═
2026-05-12 13:29:06,930 INFO     ___FILE_ONLY___ ═
2026-05-12 13:29:06,931 INFO     ___FILE_ONLY___ ═
2026-05-12 13:29:06,931 INFO     ___FILE_ONLY___ ═
2026-05-12 13:29:06,931 INFO     ___FILE_ONLY___ ═
2026-05-12 13:29:06,932 INFO     ___FILE_ONLY___ ═
2026-05-12 13:29:06,932 INFO     ___FILE_ONLY___ ═
2026-05-12 13:29:06,933 INFO     ___FILE_ONLY___ ═
2026-05-12 13:29:06,933 INFO     ___FILE_ONLY___ ═
2026-05-12 13:29:06,933 INFO     ___FILE_ONLY___ ═
2026-05-12 13:29:06,934 INFO     ___FILE_ONLY___ ═
2026-05-12 13:29:06,934 INFO     ___FILE_ONLY___ ═
2026-05-12 13:29:06,935 INFO     ___FILE_ONLY___ ═
2026-05-12 13:29:06,935 INFO     ___FILE_ONLY___ ═
2026-05-12 13:29:06,935 INFO     ___FILE_ONLY___ ═
2026-05-12 13:29:06,936 INFO     ___FILE_ONLY___ ═
2026-05-12 13:29:06,936 INFO     ___FILE_ONLY___ ═
2026-05-12 13:29:06,937 INFO     ___FILE_ONLY___ ═
2026-05-12 13:29:06,937 INFO     ___FILE_ONLY___ ═
2026-05-12 13:29:06,937 INFO     ___FILE_ONLY___ ═
2026-05-12 13:29:06,938 INFO     ___FILE_ONLY___ ═
2026-05-12 13:29:06,938 INFO     ___FILE_ONLY___ ═
2026-05-12 13:29:06,939 INFO     ___FILE_ONLY___ ═
2026-05-12 13:29:06,939 INFO     ___FILE_ONLY___ ═
2026-05-12 13:29:06,939 INFO     ___FILE_ONLY___ ═
2026-05-12 13:29:06,940 INFO     ___FILE_ONLY___ ═
2026-05-12 13:29:06,940 INFO     ___FILE_ONLY___ ╝

2026-05-12 13:29:06,942 INFO     ___FILE_ONLY___ ╔════════════════════════════════════════════════════════════╗

2026-05-12 13:29:06,942 INFO     ___FILE_ONLY___ ╠═ Downloading: Cloud Storage Command Line Tool (Platfor... ═╣

2026-05-12 13:29:06,942 INFO     ___FILE_ONLY___ ╚
2026-05-12 13:29:06,943 DEBUG    root            On GCE from memory cache: False
2026-05-12 13:29:06,944 DEBUG    root            On GCE from memory cache: False
2026-05-12 13:29:06,945 DEBUG    urllib3.connectionpool Starting new HTTPS connection (1): dl.google.com:443
2026-05-12 13:29:07,179 DEBUG    urllib3.connectionpool https://dl.google.com:443 "GET /dl/cloudsdk/channels/rapid/components/google-cloud-sdk-gsutil-nix-20260424041539.tar.gz HTTP/1.1" 200 1963
2026-05-12 13:29:07,180 INFO     ___FILE_ONLY___ ════════════════════════════════════════════════════════════
2026-05-12 13:29:07,180 INFO     ___FILE_ONLY___ ╝

2026-05-12 13:29:07,182 INFO     ___FILE_ONLY___ ╔════════════════════════════════════════════════════════════╗

2026-05-12 13:29:07,182 INFO     ___FILE_ONLY___ ╠═ Downloading: Default set of gcloud commands              ═╣

2026-05-12 13:29:07,182 INFO     ___FILE_ONLY___ ╚
2026-05-12 13:29:07,182 INFO     ___FILE_ONLY___ ════════════════════════════════════════════════════════════
2026-05-12 13:29:07,182 INFO     ___FILE_ONLY___ ╝

2026-05-12 13:29:07,184 INFO     ___FILE_ONLY___ ╔════════════════════════════════════════════════════════════╗

2026-05-12 13:29:07,184 INFO     ___FILE_ONLY___ ╠═ Downloading: Google Cloud CLI Core Libraries (Platfor... ═╣

2026-05-12 13:29:07,184 INFO     ___FILE_ONLY___ ╚
2026-05-12 13:29:07,185 DEBUG    root            On GCE from memory cache: False
2026-05-12 13:29:07,186 DEBUG    root            On GCE from memory cache: False
2026-05-12 13:29:07,187 DEBUG    urllib3.connectionpool Starting new HTTPS connection (1): dl.google.com:443
2026-05-12 13:29:07,423 DEBUG    urllib3.connectionpool https://dl.google.com:443 "GET /dl/cloudsdk/channels/rapid/components/google-cloud-sdk-core-nix-20260424041539.tar.gz HTTP/1.1" 200 2342
2026-05-12 13:29:07,424 INFO     ___FILE_ONLY___ ════════════════════════════════════════════════════════════
2026-05-12 13:29:07,424 INFO     ___FILE_ONLY___ ╝

2026-05-12 13:29:07,426 INFO     ___FILE_ONLY___ ╔════════════════════════════════════════════════════════════╗

2026-05-12 13:29:07,426 INFO     ___FILE_ONLY___ ╠═ Downloading: Google Cloud CRC32C Hash Tool               ═╣

2026-05-12 13:29:07,426 INFO     ___FILE_ONLY___ ╚
2026-05-12 13:29:07,426 INFO     ___FILE_ONLY___ ════════════════════════════════════════════════════════════
2026-05-12 13:29:07,426 INFO     ___FILE_ONLY___ ╝

2026-05-12 13:29:07,427 INFO     ___FILE_ONLY___ ╔════════════════════════════════════════════════════════════╗

2026-05-12 13:29:07,428 INFO     ___FILE_ONLY___ ╠═ Downloading: Google Cloud CRC32C Hash Tool (Platform ... ═╣

2026-05-12 13:29:07,428 INFO     ___FILE_ONLY___ ╚
2026-05-12 13:29:07,428 DEBUG    root            On GCE from memory cache: False
2026-05-12 13:29:07,429 DEBUG    root            On GCE from memory cache: False
2026-05-12 13:29:07,430 DEBUG    urllib3.connectionpool Starting new HTTPS connection (1): dl.google.com:443
2026-05-12 13:29:07,672 DEBUG    urllib3.connectionpool https://dl.google.com:443 "GET /dl/cloudsdk/channels/rapid/components/google-cloud-sdk-gcloud-crc32c-linux-x86_64-20260424041539.tar.gz HTTP/1.1" 200 1609375
2026-05-12 13:29:07,682 INFO     ___FILE_ONLY___ ═
2026-05-12 13:29:07,682 INFO     ___FILE_ONLY___ ═
2026-05-12 13:29:07,682 INFO     ___FILE_ONLY___ ═
2026-05-12 13:29:07,683 INFO     ___FILE_ONLY___ ═
2026-05-12 13:29:07,683 INFO     ___FILE_ONLY___ ═
2026-05-12 13:29:07,683 INFO     ___FILE_ONLY___ ═
2026-05-12 13:29:07,683 INFO     ___FILE_ONLY___ ═
2026-05-12 13:29:07,683 INFO     ___FILE_ONLY___ ═
2026-05-12 13:29:07,683 INFO     ___FILE_ONLY___ ═
2026-05-12 13:29:07,683 INFO     ___FILE_ONLY___ ═
2026-05-12 13:29:07,683 INFO     ___FILE_ONLY___ ═
2026-05-12 13:29:07,683 INFO     ___FILE_ONLY___ ═
2026-05-12 13:29:07,683 INFO     ___FILE_ONLY___ ═
2026-05-12 13:29:07,683 INFO     ___FILE_ONLY___ ═
2026-05-12 13:29:07,683 INFO     ___FILE_ONLY___ ═
2026-05-12 13:29:07,684 INFO     ___FILE_ONLY___ ═
2026-05-12 13:29:07,684 INFO     ___FILE_ONLY___ ═
2026-05-12 13:29:07,684 INFO     ___FILE_ONLY___ ═
2026-05-12 13:29:07,684 INFO     ___FILE_ONLY___ ═
2026-05-12 13:29:07,684 INFO     ___FILE_ONLY___ ═
2026-05-12 13:29:07,684 INFO     ___FILE_ONLY___ ═
2026-05-12 13:29:07,684 INFO     ___FILE_ONLY___ ═
2026-05-12 13:29:07,684 INFO     ___FILE_ONLY___ ═
2026-05-12 13:29:07,684 INFO     ___FILE_ONLY___ ═
2026-05-12 13:29:07,684 INFO     ___FILE_ONLY___ ═
2026-05-12 13:29:07,684 INFO     ___FILE_ONLY___ ═
2026-05-12 13:29:07,684 INFO     ___FILE_ONLY___ ═
2026-05-12 13:29:07,685 INFO     ___FILE_ONLY___ ═
2026-05-12 13:29:07,685 INFO     ___FILE_ONLY___ ═
2026-05-12 13:29:07,685 INFO     ___FILE_ONLY___ ═
2026-05-12 13:29:07,685 INFO     ___FILE_ONLY___ ═
2026-05-12 13:29:07,685 INFO     ___FILE_ONLY___ ═
2026-05-12 13:29:07,685 INFO     ___FILE_ONLY___ ═
2026-05-12 13:29:07,685 INFO     ___FILE_ONLY___ ═
2026-05-12 13:29:07,685 INFO     ___FILE_ONLY___ ═
2026-05-12 13:29:07,685 INFO     ___FILE_ONLY___ ═
2026-05-12 13:29:07,685 INFO     ___FILE_ONLY___ ═
2026-05-12 13:29:07,685 INFO     ___FILE_ONLY___ ═
2026-05-12 13:29:07,686 INFO     ___FILE_ONLY___ ═
2026-05-12 13:29:07,686 INFO     ___FILE_ONLY___ ═
2026-05-12 13:29:07,686 INFO     ___FILE_ONLY___ ═
2026-05-12 13:29:07,686 INFO     ___FILE_ONLY___ ═
2026-05-12 13:29:07,686 INFO     ___FILE_ONLY___ ═
2026-05-12 13:29:07,686 INFO     ___FILE_ONLY___ ═
2026-05-12 13:29:07,686 INFO     ___FILE_ONLY___ ═
2026-05-12 13:29:07,686 INFO     ___FILE_ONLY___ ═
2026-05-12 13:29:07,686 INFO     ___FILE_ONLY___ ═
2026-05-12 13:29:07,686 INFO     ___FILE_ONLY___ ═
2026-05-12 13:29:07,686 INFO     ___FILE_ONLY___ ═
2026-05-12 13:29:07,686 INFO     ___FILE_ONLY___ ═
2026-05-12 13:29:07,687 INFO     ___FILE_ONLY___ ═
2026-05-12 13:29:07,687 INFO     ___FILE_ONLY___ ═
2026-05-12 13:29:07,687 INFO     ___FILE_ONLY___ ═
2026-05-12 13:29:07,687 INFO     ___FILE_ONLY___ ═
2026-05-12 13:29:07,687 INFO     ___FILE_ONLY___ ═
2026-05-12 13:29:07,687 INFO     ___FILE_ONLY___ ═
2026-05-12 13:29:07,687 INFO     ___FILE_ONLY___ ═
2026-05-12 13:29:07,687 INFO     ___FILE_ONLY___ ═
2026-05-12 13:29:07,687 INFO     ___FILE_ONLY___ ═
2026-05-12 13:29:07,687 INFO     ___FILE_ONLY___ ═
2026-05-12 13:29:07,687 INFO     ___FILE_ONLY___ ╝

2026-05-12 13:29:07,689 INFO     ___FILE_ONLY___ ╔════════════════════════════════════════════════════════════╗

2026-05-12 13:29:07,689 INFO     ___FILE_ONLY___ ╠═ Downloading: gcloud cli dependencies (Platform Specific) ═╣

2026-05-12 13:29:07,689 INFO     ___FILE_ONLY___ ╚
2026-05-12 13:29:07,690 DEBUG    root            On GCE from memory cache: False
2026-05-12 13:29:07,691 DEBUG    root            On GCE from memory cache: False
2026-05-12 13:29:07,692 DEBUG    urllib3.connectionpool Starting new HTTPS connection (1): dl.google.com:443
2026-05-12 13:29:07,932 DEBUG    urllib3.connectionpool https://dl.google.com:443 "GET /dl/cloudsdk/channels/rapid/components/google-cloud-sdk-gcloud-deps-linux-x86_64-20210416153011.tar.gz HTTP/1.1" 200 104
2026-05-12 13:29:07,933 INFO     ___FILE_ONLY___ ════════════════════════════════════════════════════════════
2026-05-12 13:29:07,933 INFO     ___FILE_ONLY___ ╝

2026-05-12 13:29:07,935 INFO     ___FILE_ONLY___ ╔════════════════════════════════════════════════════════════╗

2026-05-12 13:29:07,935 INFO     ___FILE_ONLY___ ╠═ Installing: BigQuery Command Line Tool                   ═╣

2026-05-12 13:29:07,935 INFO     ___FILE_ONLY___ ╚
2026-05-12 13:29:08,034 INFO     ___FILE_ONLY___ ═
2026-05-12 13:29:08,037 INFO     ___FILE_ONLY___ ═
2026-05-12 13:29:08,039 INFO     ___FILE_ONLY___ ═
2026-05-12 13:29:08,042 INFO     ___FILE_ONLY___ ═
2026-05-12 13:29:08,045 INFO     ___FILE_ONLY___ ═
2026-05-12 13:29:08,047 INFO     ___FILE_ONLY___ ═
2026-05-12 13:29:08,049 INFO     ___FILE_ONLY___ ═
2026-05-12 13:29:08,052 INFO     ___FILE_ONLY___ ═
2026-05-12 13:29:08,055 INFO     ___FILE_ONLY___ ═
2026-05-12 13:29:08,057 INFO     ___FILE_ONLY___ ═
2026-05-12 13:29:08,059 INFO     ___FILE_ONLY___ ═
2026-05-12 13:29:08,062 INFO     ___FILE_ONLY___ ═
2026-05-12 13:29:08,064 INFO     ___FILE_ONLY___ ═
2026-05-12 13:29:08,067 INFO     ___FILE_ONLY___ ═
2026-05-12 13:29:08,070 INFO     ___FILE_ONLY___ ═
2026-05-12 13:29:08,072 INFO     ___FILE_ONLY___ ═
2026-05-12 13:29:08,074 INFO     ___FILE_ONLY___ ═
2026-05-12 13:29:08,078 INFO     ___FILE_ONLY___ ═
2026-05-12 13:29:08,081 INFO     ___FILE_ONLY___ ═
2026-05-12 13:29:08,083 INFO     ___FILE_ONLY___ ═
2026-05-12 13:29:08,085 INFO     ___FILE_ONLY___ ═
2026-05-12 13:29:08,087 INFO     ___FILE_ONLY___ ═
2026-05-12 13:29:08,090 INFO     ___FILE_ONLY___ ═
2026-05-12 13:29:08,092 INFO     ___FILE_ONLY___ ═
2026-05-12 13:29:08,094 INFO     ___FILE_ONLY___ ═
2026-05-12 13:29:08,097 INFO     ___FILE_ONLY___ ═
2026-05-12 13:29:08,099 INFO     ___FILE_ONLY___ ═
2026-05-12 13:29:08,101 INFO     ___FILE_ONLY___ ═
2026-05-12 13:29:08,103 INFO     ___FILE_ONLY___ ═
2026-05-12 13:29:08,104 INFO     ___FILE_ONLY___ ═
2026-05-12 13:29:08,106 INFO     ___FILE_ONLY___ ═
2026-05-12 13:29:08,108 INFO     ___FILE_ONLY___ ═
2026-05-12 13:29:08,110 INFO     ___FILE_ONLY___ ═
2026-05-12 13:29:08,114 INFO     ___FILE_ONLY___ ═
2026-05-12 13:29:08,116 INFO     ___FILE_ONLY___ ═
2026-05-12 13:29:08,118 INFO     ___FILE_ONLY___ ═
2026-05-12 13:29:08,121 INFO     ___FILE_ONLY___ ═
2026-05-12 13:29:08,124 INFO     ___FILE_ONLY___ ═
2026-05-12 13:29:08,132 INFO     ___FILE_ONLY___ ═
2026-05-12 13:29:08,141 INFO     ___FILE_ONLY___ ═
2026-05-12 13:29:08,143 INFO     ___FILE_ONLY___ ═
2026-05-12 13:29:08,145 INFO     ___FILE_ONLY___ ═
2026-05-12 13:29:08,148 INFO     ___FILE_ONLY___ ═
2026-05-12 13:29:08,150 INFO     ___FILE_ONLY___ ═
2026-05-12 13:29:08,153 INFO     ___FILE_ONLY___ ═
2026-05-12 13:29:08,158 INFO     ___FILE_ONLY___ ═
2026-05-12 13:29:08,160 INFO     ___FILE_ONLY___ ═
2026-05-12 13:29:08,163 INFO     ___FILE_ONLY___ ═
2026-05-12 13:29:08,165 INFO     ___FILE_ONLY___ ═
2026-05-12 13:29:08,167 INFO     ___FILE_ONLY___ ═
2026-05-12 13:29:08,170 INFO     ___FILE_ONLY___ ═
2026-05-12 13:29:08,172 INFO     ___FILE_ONLY___ ═
2026-05-12 13:29:08,175 INFO     ___FILE_ONLY___ ═
2026-05-12 13:29:08,177 INFO     ___FILE_ONLY___ ═
2026-05-12 13:29:08,179 INFO     ___FILE_ONLY___ ═
2026-05-12 13:29:08,182 INFO     ___FILE_ONLY___ ═
2026-05-12 13:29:08,184 INFO     ___FILE_ONLY___ ═
2026-05-12 13:29:08,187 INFO     ___FILE_ONLY___ ═
2026-05-12 13:29:08,189 INFO     ___FILE_ONLY___ ═
2026-05-12 13:29:08,191 INFO     ___FILE_ONLY___ ═
2026-05-12 13:29:08,191 INFO     ___FILE_ONLY___ ╝

2026-05-12 13:29:08,199 INFO     ___FILE_ONLY___ ╔════════════════════════════════════════════════════════════╗

2026-05-12 13:29:08,199 INFO     ___FILE_ONLY___ ╠═ Installing: BigQuery Command Line Tool (Platform Spec... ═╣

2026-05-12 13:29:08,199 INFO     ___FILE_ONLY___ ╚
2026-05-12 13:29:08,200 INFO     ___FILE_ONLY___ ════════════════════════════════════════════════════════════
2026-05-12 13:29:08,200 INFO     ___FILE_ONLY___ ╝

2026-05-12 13:29:08,206 INFO     ___FILE_ONLY___ ╔════════════════════════════════════════════════════════════╗

2026-05-12 13:29:08,206 INFO     ___FILE_ONLY___ ╠═ Installing: Bundled Python 3.14                          ═╣

2026-05-12 13:29:08,206 INFO     ___FILE_ONLY___ ╚
2026-05-12 13:29:08,209 INFO     ___FILE_ONLY___ ════════════════════════════════════════════════════════════
2026-05-12 13:29:08,209 INFO     ___FILE_ONLY___ ╝

2026-05-12 13:29:08,211 INFO     ___FILE_ONLY___ ╔════════════════════════════════════════════════════════════╗

2026-05-12 13:29:08,211 INFO     ___FILE_ONLY___ ╠═ Installing: Bundled Python 3.14 (Platform Specific)      ═╣

2026-05-12 13:29:08,211 INFO     ___FILE_ONLY___ ╚
2026-05-12 13:29:09,122 INFO     ___FILE_ONLY___ ═
2026-05-12 13:29:09,139 INFO     ___FILE_ONLY___ ═
2026-05-12 13:29:09,154 INFO     ___FILE_ONLY___ ═
2026-05-12 13:29:09,327 INFO     ___FILE_ONLY___ ═
2026-05-12 13:29:09,351 INFO     ___FILE_ONLY___ ═
2026-05-12 13:29:09,377 INFO     ___FILE_ONLY___ ═
2026-05-12 13:29:09,400 INFO     ___FILE_ONLY___ ═
2026-05-12 13:29:09,418 INFO     ___FILE_ONLY___ ═
2026-05-12 13:29:09,450 INFO     ___FILE_ONLY___ ═
2026-05-12 13:29:09,464 INFO     ___FILE_ONLY___ ═
2026-05-12 13:29:09,564 INFO     ___FILE_ONLY___ ═
2026-05-12 13:29:09,581 INFO     ___FILE_ONLY___ ═
2026-05-12 13:29:09,601 INFO     ___FILE_ONLY___ ═
2026-05-12 13:29:09,628 INFO     ___FILE_ONLY___ ═
2026-05-12 13:29:09,645 INFO     ___FILE_ONLY___ ═
2026-05-12 13:29:09,664 INFO     ___FILE_ONLY___ ═
2026-05-12 13:29:09,677 INFO     ___FILE_ONLY___ ═
2026-05-12 13:29:09,693 INFO     ___FILE_ONLY___ ═
2026-05-12 13:29:09,708 INFO     ___FILE_ONLY___ ═
2026-05-12 13:29:09,726 INFO     ___FILE_ONLY___ ═
2026-05-12 13:29:09,746 INFO     ___FILE_ONLY___ ═
2026-05-12 13:29:09,764 INFO     ___FILE_ONLY___ ═
2026-05-12 13:29:09,922 INFO     ___FILE_ONLY___ ═
2026-05-12 13:29:09,941 INFO     ___FILE_ONLY___ ═
2026-05-12 13:29:09,963 INFO     ___FILE_ONLY___ ═
2026-05-12 13:29:10,008 INFO     ___FILE_ONLY___ ═
2026-05-12 13:29:10,025 INFO     ___FILE_ONLY___ ═
2026-05-12 13:29:10,036 INFO     ___FILE_ONLY___ ═
2026-05-12 13:29:10,048 INFO     ___FILE_ONLY___ ═
2026-05-12 13:29:10,059 INFO     ___FILE_ONLY___ ═
2026-05-12 13:29:10,070 INFO     ___FILE_ONLY___ ═
2026-05-12 13:29:10,082 INFO     ___FILE_ONLY___ ═
2026-05-12 13:29:10,093 INFO     ___FILE_ONLY___ ═
2026-05-12 13:29:10,105 INFO     ___FILE_ONLY___ ═
2026-05-12 13:29:10,117 INFO     ___FILE_ONLY___ ═
2026-05-12 13:29:10,128 INFO     ___FILE_ONLY___ ═
2026-05-12 13:29:10,140 INFO     ___FILE_ONLY___ ═
2026-05-12 13:29:10,151 INFO     ___FILE_ONLY___ ═
2026-05-12 13:29:10,163 INFO     ___FILE_ONLY___ ═
2026-05-12 13:29:10,175 INFO     ___FILE_ONLY___ ═
2026-05-12 13:29:10,187 INFO     ___FILE_ONLY___ ═
2026-05-12 13:29:10,197 INFO     ___FILE_ONLY___ ═
2026-05-12 13:29:10,209 INFO     ___FILE_ONLY___ ═
2026-05-12 13:29:10,220 INFO     ___FILE_ONLY___ ═
2026-05-12 13:29:10,231 INFO     ___FILE_ONLY___ ═
2026-05-12 13:29:10,242 INFO     ___FILE_ONLY___ ═
2026-05-12 13:29:10,254 INFO     ___FILE_ONLY___ ═
2026-05-12 13:29:10,266 INFO     ___FILE_ONLY___ ═
2026-05-12 13:29:10,277 INFO     ___FILE_ONLY___ ═
2026-05-12 13:29:10,288 INFO     ___FILE_ONLY___ ═
2026-05-12 13:29:10,300 INFO     ___FILE_ONLY___ ═
2026-05-12 13:29:10,311 INFO     ___FILE_ONLY___ ═
2026-05-12 13:29:10,322 INFO     ___FILE_ONLY___ ═
2026-05-12 13:29:10,334 INFO     ___FILE_ONLY___ ═
2026-05-12 13:29:10,346 INFO     ___FILE_ONLY___ ═
2026-05-12 13:29:10,358 INFO     ___FILE_ONLY___ ═
2026-05-12 13:29:10,370 INFO     ___FILE_ONLY___ ═
2026-05-12 13:29:10,381 INFO     ___FILE_ONLY___ ═
2026-05-12 13:29:10,393 INFO     ___FILE_ONLY___ ═
2026-05-12 13:29:10,405 INFO     ___FILE_ONLY___ ═
2026-05-12 13:29:10,405 INFO     ___FILE_ONLY___ ╝

2026-05-12 13:29:10,449 INFO     ___FILE_ONLY___ ╔════════════════════════════════════════════════════════════╗

2026-05-12 13:29:10,449 INFO     ___FILE_ONLY___ ╠═ Installing: Cloud Storage Command Line Tool              ═╣

2026-05-12 13:29:10,449 INFO     ___FILE_ONLY___ ╚
2026-05-12 13:29:10,991 INFO     ___FILE_ONLY___ ═
2026-05-12 13:29:11,004 INFO     ___FILE_ONLY___ ═
2026-05-12 13:29:11,015 INFO     ___FILE_ONLY___ ═
2026-05-12 13:29:11,025 INFO     ___FILE_ONLY___ ═
2026-05-12 13:29:11,035 INFO     ___FILE_ONLY___ ═
2026-05-12 13:29:11,070 INFO     ___FILE_ONLY___ ═
2026-05-12 13:29:11,084 INFO     ___FILE_ONLY___ ═
2026-05-12 13:29:11,100 INFO     ___FILE_ONLY___ ═
2026-05-12 13:29:11,115 INFO     ___FILE_ONLY___ ═
2026-05-12 13:29:11,131 INFO     ___FILE_ONLY___ ═
2026-05-12 13:29:11,149 INFO     ___FILE_ONLY___ ═
2026-05-12 13:29:11,160 INFO     ___FILE_ONLY___ ═
2026-05-12 13:29:11,172 INFO     ___FILE_ONLY___ ═
2026-05-12 13:29:11,181 INFO     ___FILE_ONLY___ ═
2026-05-12 13:29:11,191 INFO     ___FILE_ONLY___ ═
2026-05-12 13:29:11,210 INFO     ___FILE_ONLY___ ═
2026-05-12 13:29:11,225 INFO     ___FILE_ONLY___ ═
2026-05-12 13:29:11,234 INFO     ___FILE_ONLY___ ═
2026-05-12 13:29:11,247 INFO     ___FILE_ONLY___ ═
2026-05-12 13:29:11,258 INFO     ___FILE_ONLY___ ═
2026-05-12 13:29:11,268 INFO     ___FILE_ONLY___ ═
2026-05-12 13:29:11,281 INFO     ___FILE_ONLY___ ═
2026-05-12 13:29:11,291 INFO     ___FILE_ONLY___ ═
2026-05-12 13:29:11,302 INFO     ___FILE_ONLY___ ═
2026-05-12 13:29:11,313 INFO     ___FILE_ONLY___ ═
2026-05-12 13:29:11,323 INFO     ___FILE_ONLY___ ═
2026-05-12 13:29:11,333 INFO     ___FILE_ONLY___ ═
2026-05-12 13:29:11,348 INFO     ___FILE_ONLY___ ═
2026-05-12 13:29:11,365 INFO     ___FILE_ONLY___ ═
2026-05-12 13:29:11,379 INFO     ___FILE_ONLY___ ═
2026-05-12 13:29:11,394 INFO     ___FILE_ONLY___ ═
2026-05-12 13:29:11,415 INFO     ___FILE_ONLY___ ═
2026-05-12 13:29:11,431 INFO     ___FILE_ONLY___ ═
2026-05-12 13:29:11,451 INFO     ___FILE_ONLY___ ═
2026-05-12 13:29:11,466 INFO     ___FILE_ONLY___ ═
2026-05-12 13:29:11,482 INFO     ___FILE_ONLY___ ═
2026-05-12 13:29:11,492 INFO     ___FILE_ONLY___ ═
2026-05-12 13:29:11,503 INFO     ___FILE_ONLY___ ═
2026-05-12 13:29:11,539 INFO     ___FILE_ONLY___ ═
2026-05-12 13:29:11,554 INFO     ___FILE_ONLY___ ═
2026-05-12 13:29:11,565 INFO     ___FILE_ONLY___ ═
2026-05-12 13:29:11,576 INFO     ___FILE_ONLY___ ═
2026-05-12 13:29:11,588 INFO     ___FILE_ONLY___ ═
2026-05-12 13:29:11,599 INFO     ___FILE_ONLY___ ═
2026-05-12 13:29:11,611 INFO     ___FILE_ONLY___ ═
2026-05-12 13:29:11,622 INFO     ___FILE_ONLY___ ═
2026-05-12 13:29:11,633 INFO     ___FILE_ONLY___ ═
2026-05-12 13:29:11,644 INFO     ___FILE_ONLY___ ═
2026-05-12 13:29:11,655 INFO     ___FILE_ONLY___ ═
2026-05-12 13:29:11,669 INFO     ___FILE_ONLY___ ═
2026-05-12 13:29:11,684 INFO     ___FILE_ONLY___ ═
2026-05-12 13:29:11,698 INFO     ___FILE_ONLY___ ═
2026-05-12 13:29:11,712 INFO     ___FILE_ONLY___ ═
2026-05-12 13:29:11,726 INFO     ___FILE_ONLY___ ═
2026-05-12 13:29:11,739 INFO     ___FILE_ONLY___ ═
2026-05-12 13:29:11,755 INFO     ___FILE_ONLY___ ═
2026-05-12 13:29:11,771 INFO     ___FILE_ONLY___ ═
2026-05-12 13:29:11,793 INFO     ___FILE_ONLY___ ═
2026-05-12 13:29:11,810 INFO     ___FILE_ONLY___ ═
2026-05-12 13:29:11,829 INFO     ___FILE_ONLY___ ═
2026-05-12 13:29:11,829 INFO     ___FILE_ONLY___ ╝

2026-05-12 13:29:11,861 INFO     ___FILE_ONLY___ ╔════════════════════════════════════════════════════════════╗

2026-05-12 13:29:11,861 INFO     ___FILE_ONLY___ ╠═ Installing: Cloud Storage Command Line Tool (Platform... ═╣

2026-05-12 13:29:11,861 INFO     ___FILE_ONLY___ ╚
2026-05-12 13:29:11,862 INFO     ___FILE_ONLY___ ════════════════════════════════════════════════════════════
2026-05-12 13:29:11,862 INFO     ___FILE_ONLY___ ╝

2026-05-12 13:29:11,867 INFO     ___FILE_ONLY___ ╔════════════════════════════════════════════════════════════╗

2026-05-12 13:29:11,867 INFO     ___FILE_ONLY___ ╠═ Installing: Default set of gcloud commands               ═╣

2026-05-12 13:29:11,867 INFO     ___FILE_ONLY___ ╚
2026-05-12 13:29:11,870 INFO     ___FILE_ONLY___ ════════════════════════════════════════════════════════════
2026-05-12 13:29:11,871 INFO     ___FILE_ONLY___ ╝

2026-05-12 13:29:11,872 INFO     ___FILE_ONLY___ ╔════════════════════════════════════════════════════════════╗

2026-05-12 13:29:11,873 INFO     ___FILE_ONLY___ ╠═ Installing: Google Cloud CLI Core Libraries (Platform... ═╣

2026-05-12 13:29:11,873 INFO     ___FILE_ONLY___ ╚
2026-05-12 13:29:11,874 INFO     ___FILE_ONLY___ ══════════════════════════════
2026-05-12 13:29:11,874 INFO     ___FILE_ONLY___ ══════════════════════════════
2026-05-12 13:29:11,874 INFO     ___FILE_ONLY___ ╝

2026-05-12 13:29:11,879 INFO     ___FILE_ONLY___ ╔════════════════════════════════════════════════════════════╗

2026-05-12 13:29:11,879 INFO     ___FILE_ONLY___ ╠═ Installing: Google Cloud CRC32C Hash Tool                ═╣

2026-05-12 13:29:11,879 INFO     ___FILE_ONLY___ ╚
2026-05-12 13:29:11,882 INFO     ___FILE_ONLY___ ════════════════════════════════════════════════════════════
2026-05-12 13:29:11,882 INFO     ___FILE_ONLY___ ╝

2026-05-12 13:29:11,884 INFO     ___FILE_ONLY___ ╔════════════════════════════════════════════════════════════╗

2026-05-12 13:29:11,884 INFO     ___FILE_ONLY___ ╠═ Installing: Google Cloud CRC32C Hash Tool (Platform S... ═╣

2026-05-12 13:29:11,884 INFO     ___FILE_ONLY___ ╚
2026-05-12 13:29:11,922 INFO     ___FILE_ONLY___ ══════════════════════════════
2026-05-12 13:29:11,923 INFO     ___FILE_ONLY___ ══════════════════════════════
2026-05-12 13:29:11,923 INFO     ___FILE_ONLY___ ╝

2026-05-12 13:29:11,928 INFO     ___FILE_ONLY___ ╔════════════════════════════════════════════════════════════╗

2026-05-12 13:29:11,928 INFO     ___FILE_ONLY___ ╠═ Installing: gcloud cli dependencies (Platform Specific)  ═╣

2026-05-12 13:29:11,928 INFO     ___FILE_ONLY___ ╚
2026-05-12 13:29:11,929 INFO     ___FILE_ONLY___ ════════════════════════════════════════════════════════════
2026-05-12 13:29:11,929 INFO     ___FILE_ONLY___ ╝

2026-05-12 13:29:11,934 DEBUG    root            Updating notification cache...
2026-05-12 13:29:11,935 INFO     ___FILE_ONLY___ 

2026-05-12 13:29:11,937 INFO     ___FILE_ONLY___ Performing post processing steps...
2026-05-12 13:29:11,937 DEBUG    root            Executing command: ['/tools/google-cloud-sdk/bin/gcloud', 'components', 'post-process']
2026-05-12 13:29:24,474 DEBUG    ___FILE_ONLY___ 
2026-05-12 13:29:24,474 DEBUG    ___FILE_ONLY___ 
2026-05-12 13:29:24,752 INFO     root            descriptor_list: [{'universeDomain': 'googleapis.com', 'universeShortName': '', 'authenticationDomain': 'auth.cloud.google.com', 'projectPrefix': '', 'cloudWebDomain': 'cloud.google.com', 'documentationDomain': 'cloud.google.com', 'version': '1.0.0', 'state': 'primary', 'artifactRegistryDomain': 'pkg.dev'}]
2026-05-12 13:29:24,752 INFO     ___FILE_ONLY___ 
Update done!


2026-05-12 13:29:24,755 DEBUG    root            Chosen display Format:none
2026-05-12 13:29:24,755 INFO     root            Display format: "none"
